<?xml version="1.0" encoding="UTF-8"?>
<testsuite xmlns:xsi="http://www.w3.org/2001/XMLSchema-instance" xsi:noNamespaceSchemaLocation="https://maven.apache.org/surefire/maven-surefire-plugin/xsd/surefire-test-report.xsd" version="3.0.2" name="edu.miu.cs.cs425.backend.BackendApplicationTests" time="12.498" tests="1" errors="0" skipped="0" failures="0">
  <properties>
[...]
</properties>
  <testcase name="contextLoads" classname="edu.miu.cs.cs425.backend.BackendApplicationTests" time="0.576">
    <system-out><![CDATA[21:41:57.549 [main] INFO org.springframework.test.context.support.AnnotationConfigContextLoaderUtils -- Could not detect default configuration classes for test class [edu.miu.cs.cs425.backend.BackendApplicationTests]: BackendApplicationTests does not declare any static, non-private, non-final, nested classes annotated with @Configuration.
21:41:57.729 [main] INFO org.springframework.boot.test.context.SpringBootTestContextBootstrapper -- Found @SpringBootConfiguration edu.miu.cs.cs425.backend.BackendApplication for test class edu.miu.cs.cs425.backend.BackendApplicationTests
2025-03-19T21:41:58.344-05:00 DEBUG 80480 --- [flight-booking] [kground-preinit] o.h.v.i.xml.config.ValidationXmlParser   : Trying to load META-INF/validation.xml for XML based Validator configuration.
2025-03-19T21:41:58.352-05:00 DEBUG 80480 --- [flight-booking] [kground-preinit] o.h.v.i.xml.config.ResourceLoaderHelper  : Trying to load META-INF/validation.xml via TCCL
2025-03-19T21:41:58.352-05:00 DEBUG 80480 --- [flight-booking] [kground-preinit] o.h.v.i.xml.config.ResourceLoaderHelper  : Trying to load META-INF/validation.xml via Hibernate Validator's class loader
2025-03-19T21:41:58.352-05:00 DEBUG 80480 --- [flight-booking] [kground-preinit] o.h.v.i.xml.config.ValidationXmlParser   : No META-INF/validation.xml found. Using annotation based configuration only.
2025-03-19T21:41:58.361-05:00 DEBUG 80480 --- [flight-booking] [kground-preinit] o.h.v.i.e.resolver.TraversableResolvers  : Found jakarta.persistence.Persistence on classpath containing 'getPersistenceUtil'. Assuming JPA 2 environment. Trying to instantiate JPA aware TraversableResolver
2025-03-19T21:41:58.362-05:00 DEBUG 80480 --- [flight-booking] [kground-preinit] o.h.v.i.e.resolver.TraversableResolvers  : Instantiated JPA aware TraversableResolver of type org.hibernate.validator.internal.engine.resolver.JPATraversableResolver.
2025-03-19T21:41:58.380-05:00  INFO 80480 --- [flight-booking] [           main] e.m.c.c.backend.BackendApplicationTests  : Starting BackendApplicationTests using Java 23.0.1 with PID 80480 (started by mercelvubangsi in /Users/mercelvubangsi/Documents/MY DOCS/MIU/STUDIES/CS425 SWE/PROJECT/new/backend)
2025-03-19T21:41:58.381-05:00 DEBUG 80480 --- [flight-booking] [           main] e.m.c.c.backend.BackendApplicationTests  : Running with Spring Boot v3.4.3, Spring v6.2.3
2025-03-19T21:41:58.382-05:00  INFO 80480 --- [flight-booking] [           main] e.m.c.c.backend.BackendApplicationTests  : No active profile set, falling back to 1 default profile: "default"
2025-03-19T21:41:58.405-05:00 DEBUG 80480 --- [flight-booking] [kground-preinit] .h.v.m.ResourceBundleMessageInterpolator : Loaded expression factory via original TCCL
2025-03-19T21:41:58.547-05:00 DEBUG 80480 --- [flight-booking] [kground-preinit] .i.e.ValidatorFactoryConfigurationHelper : HV000252: Using org.hibernate.validator.internal.engine.DefaultPropertyNodeNameProvider as property node name provider.
2025-03-19T21:41:58.555-05:00 DEBUG 80480 --- [flight-booking] [kground-preinit] .i.e.ValidatorFactoryConfigurationHelper : HV000234: Using org.hibernate.validator.messageinterpolation.ResourceBundleMessageInterpolator as ValidatorFactory-scoped message interpolator.
2025-03-19T21:41:58.556-05:00 DEBUG 80480 --- [flight-booking] [kground-preinit] .i.e.ValidatorFactoryConfigurationHelper : HV000234: Using org.hibernate.validator.internal.engine.resolver.JPATraversableResolver as ValidatorFactory-scoped traversable resolver.
2025-03-19T21:41:58.556-05:00 DEBUG 80480 --- [flight-booking] [kground-preinit] .i.e.ValidatorFactoryConfigurationHelper : HV000234: Using org.hibernate.validator.internal.util.ExecutableParameterNameProvider as ValidatorFactory-scoped parameter name provider.
2025-03-19T21:41:58.556-05:00 DEBUG 80480 --- [flight-booking] [kground-preinit] .i.e.ValidatorFactoryConfigurationHelper : HV000234: Using org.hibernate.validator.internal.engine.DefaultClockProvider as ValidatorFactory-scoped clock provider.
2025-03-19T21:41:58.556-05:00 DEBUG 80480 --- [flight-booking] [kground-preinit] .i.e.ValidatorFactoryConfigurationHelper : HV000234: Using org.hibernate.validator.internal.engine.scripting.DefaultScriptEvaluatorFactory as ValidatorFactory-scoped script evaluator factory.
2025-03-19T21:41:59.684-05:00  INFO 80480 --- [flight-booking] [           main] .s.d.r.c.RepositoryConfigurationDelegate : Bootstrapping Spring Data JPA repositories in DEFAULT mode.
2025-03-19T21:41:59.814-05:00  INFO 80480 --- [flight-booking] [           main] .s.d.r.c.RepositoryConfigurationDelegate : Finished Spring Data repository scanning in 92 ms. Found 6 JPA repository interfaces.
2025-03-19T21:42:00.462-05:00 DEBUG 80480 --- [flight-booking] [           main] o.hibernate.jpa.internal.util.LogHelper  : PersistenceUnitInfo [
	name: default
	persistence provider classname: null
	classloader: jdk.internal.loader.ClassLoaders$AppClassLoader@18ff02e4
	excludeUnlistedClasses: true
	JTA datasource: null
	Non JTA datasource: HikariDataSource (null)
	Transaction type: RESOURCE_LOCAL
	PU root URL: file:/Users/mercelvubangsi/Documents/MY%20DOCS/MIU/STUDIES/CS425%20SWE/PROJECT/new/backend/target/test-classes/
	Shared Cache Mode: UNSPECIFIED
	Validation Mode: AUTO
	Jar files URLs []
	Managed classes names [
		edu.miu.cs.cs425.backend.domain.entity.Airline
		edu.miu.cs.cs425.backend.domain.entity.Airport
		edu.miu.cs.cs425.backend.domain.entity.Booking
		edu.miu.cs.cs425.backend.domain.entity.Flight
		edu.miu.cs.cs425.backend.domain.entity.FlightLeg
		edu.miu.cs.cs425.backend.domain.entity.Role
		edu.miu.cs.cs425.backend.domain.entity.User
		edu.miu.cs.cs425.backend.domain.entity.UserDetails]
	Mapping files names []
	Properties []
2025-03-19T21:42:00.472-05:00 DEBUG 80480 --- [flight-booking] [           main] o.h.i.internal.IntegratorServiceImpl     : Adding Integrator [org.hibernate.boot.beanvalidation.BeanValidationIntegrator].
2025-03-19T21:42:00.475-05:00 DEBUG 80480 --- [flight-booking] [           main] o.h.i.internal.IntegratorServiceImpl     : Adding Integrator [org.hibernate.cache.internal.CollectionCacheInvalidator].
2025-03-19T21:42:00.554-05:00  INFO 80480 --- [flight-booking] [           main] org.hibernate.Version                    : HHH000412: Hibernate ORM core version 6.6.8.Final
2025-03-19T21:42:00.556-05:00 DEBUG 80480 --- [flight-booking] [           main] org.hibernate.cfg.Environment            : HHH000206: 'hibernate.properties' not found
2025-03-19T21:42:00.598-05:00 DEBUG 80480 --- [flight-booking] [           main] org.hibernate.orm.idgen.factory          : Registering IdentifierGenerator strategy [uuid2] -> [org.hibernate.id.UUIDGenerator]
2025-03-19T21:42:00.600-05:00 DEBUG 80480 --- [flight-booking] [           main] org.hibernate.orm.idgen.factory          : Registering IdentifierGenerator strategy [guid] -> [org.hibernate.id.GUIDGenerator]
2025-03-19T21:42:00.601-05:00 DEBUG 80480 --- [flight-booking] [           main] org.hibernate.orm.idgen.factory          : Registering IdentifierGenerator strategy [uuid] -> [org.hibernate.id.UUIDHexGenerator]
2025-03-19T21:42:00.602-05:00 DEBUG 80480 --- [flight-booking] [           main] org.hibernate.orm.idgen.factory          : Registering IdentifierGenerator strategy [uuid.hex] -> [org.hibernate.id.UUIDHexGenerator]
2025-03-19T21:42:00.602-05:00 DEBUG 80480 --- [flight-booking] [           main] org.hibernate.orm.idgen.factory          : Registering IdentifierGenerator strategy [assigned] -> [org.hibernate.id.Assigned]
2025-03-19T21:42:00.604-05:00 DEBUG 80480 --- [flight-booking] [           main] org.hibernate.orm.idgen.factory          : Registering IdentifierGenerator strategy [identity] -> [org.hibernate.id.IdentityGenerator]
2025-03-19T21:42:00.605-05:00 DEBUG 80480 --- [flight-booking] [           main] org.hibernate.orm.idgen.factory          : Registering IdentifierGenerator strategy [select] -> [org.hibernate.id.SelectGenerator]
2025-03-19T21:42:00.607-05:00 DEBUG 80480 --- [flight-booking] [           main] org.hibernate.orm.idgen.factory          : Registering IdentifierGenerator strategy [sequence] -> [org.hibernate.id.enhanced.SequenceStyleGenerator]
2025-03-19T21:42:00.608-05:00 DEBUG 80480 --- [flight-booking] [           main] org.hibernate.orm.idgen.factory          : Registering IdentifierGenerator strategy [increment] -> [org.hibernate.id.IncrementGenerator]
2025-03-19T21:42:00.609-05:00 DEBUG 80480 --- [flight-booking] [           main] org.hibernate.orm.idgen.factory          : Registering IdentifierGenerator strategy [foreign] -> [org.hibernate.id.ForeignGenerator]
2025-03-19T21:42:00.610-05:00 DEBUG 80480 --- [flight-booking] [           main] org.hibernate.orm.idgen.factory          : Registering IdentifierGenerator strategy [enhanced-sequence] -> [org.hibernate.id.enhanced.SequenceStyleGenerator]
2025-03-19T21:42:00.612-05:00 DEBUG 80480 --- [flight-booking] [           main] org.hibernate.orm.idgen.factory          : Registering IdentifierGenerator strategy [enhanced-table] -> [org.hibernate.id.enhanced.TableGenerator]
2025-03-19T21:42:00.624-05:00 DEBUG 80480 --- [flight-booking] [           main] o.h.c.internal.RegionFactoryInitiator    : Cannot default RegionFactory based on registered strategies as `[]` RegionFactory strategies were registered
2025-03-19T21:42:00.625-05:00  INFO 80480 --- [flight-booking] [           main] o.h.c.internal.RegionFactoryInitiator    : HHH000026: Second-level cache disabled
2025-03-19T21:42:00.740-05:00 DEBUG 80480 --- [flight-booking] [           main] org.hibernate.type.BasicTypeRegistry     : Adding type registration boolean -> org.hibernate.type.BasicTypeReference@5d601832
2025-03-19T21:42:00.741-05:00 DEBUG 80480 --- [flight-booking] [           main] org.hibernate.type.BasicTypeRegistry     : Adding type registration boolean -> org.hibernate.type.BasicTypeReference@5d601832
2025-03-19T21:42:00.741-05:00 DEBUG 80480 --- [flight-booking] [           main] org.hibernate.type.BasicTypeRegistry     : Adding type registration java.lang.Boolean -> org.hibernate.type.BasicTypeReference@5d601832
2025-03-19T21:42:00.741-05:00 DEBUG 80480 --- [flight-booking] [           main] org.hibernate.type.BasicTypeRegistry     : Adding type registration numeric_boolean -> org.hibernate.type.BasicTypeReference@3ca17943
2025-03-19T21:42:00.741-05:00 DEBUG 80480 --- [flight-booking] [           main] org.hibernate.type.BasicTypeRegistry     : Adding type registration org.hibernate.type.NumericBooleanConverter -> org.hibernate.type.BasicTypeReference@3ca17943
2025-03-19T21:42:00.741-05:00 DEBUG 80480 --- [flight-booking] [           main] org.hibernate.type.BasicTypeRegistry     : Adding type registration true_false -> org.hibernate.type.BasicTypeReference@640c216b
2025-03-19T21:42:00.742-05:00 DEBUG 80480 --- [flight-booking] [           main] org.hibernate.type.BasicTypeRegistry     : Adding type registration org.hibernate.type.TrueFalseConverter -> org.hibernate.type.BasicTypeReference@640c216b
2025-03-19T21:42:00.742-05:00 DEBUG 80480 --- [flight-booking] [           main] org.hibernate.type.BasicTypeRegistry     : Adding type registration yes_no -> org.hibernate.type.BasicTypeReference@5170bc02
2025-03-19T21:42:00.742-05:00 DEBUG 80480 --- [flight-booking] [           main] org.hibernate.type.BasicTypeRegistry     : Adding type registration org.hibernate.type.YesNoConverter -> org.hibernate.type.BasicTypeReference@5170bc02
2025-03-19T21:42:00.742-05:00 DEBUG 80480 --- [flight-booking] [           main] org.hibernate.type.BasicTypeRegistry     : Adding type registration byte -> org.hibernate.type.BasicTypeReference@c0c8f96
2025-03-19T21:42:00.742-05:00 DEBUG 80480 --- [flight-booking] [           main] org.hibernate.type.BasicTypeRegistry     : Adding type registration byte -> org.hibernate.type.BasicTypeReference@c0c8f96
2025-03-19T21:42:00.742-05:00 DEBUG 80480 --- [flight-booking] [           main] org.hibernate.type.BasicTypeRegistry     : Adding type registration java.lang.Byte -> org.hibernate.type.BasicTypeReference@c0c8f96
2025-03-19T21:42:00.742-05:00 DEBUG 80480 --- [flight-booking] [           main] org.hibernate.type.BasicTypeRegistry     : Adding type registration binary -> org.hibernate.type.BasicTypeReference@3bd08435
2025-03-19T21:42:00.742-05:00 DEBUG 80480 --- [flight-booking] [           main] org.hibernate.type.BasicTypeRegistry     : Adding type registration byte[] -> org.hibernate.type.BasicTypeReference@3bd08435
2025-03-19T21:42:00.743-05:00 DEBUG 80480 --- [flight-booking] [           main] org.hibernate.type.BasicTypeRegistry     : Adding type registration [B -> org.hibernate.type.BasicTypeReference@3bd08435
2025-03-19T21:42:00.743-05:00 DEBUG 80480 --- [flight-booking] [           main] org.hibernate.type.BasicTypeRegistry     : Adding type registration binary_wrapper -> org.hibernate.type.BasicTypeReference@3e52ed5d
2025-03-19T21:42:00.743-05:00 DEBUG 80480 --- [flight-booking] [           main] org.hibernate.type.BasicTypeRegistry     : Adding type registration wrapper-binary -> org.hibernate.type.BasicTypeReference@3e52ed5d
2025-03-19T21:42:00.743-05:00 DEBUG 80480 --- [flight-booking] [           main] org.hibernate.type.BasicTypeRegistry     : Adding type registration image -> org.hibernate.type.BasicTypeReference@6a96d639
2025-03-19T21:42:00.743-05:00 DEBUG 80480 --- [flight-booking] [           main] org.hibernate.type.BasicTypeRegistry     : Adding type registration blob -> org.hibernate.type.BasicTypeReference@28e94c2
2025-03-19T21:42:00.743-05:00 DEBUG 80480 --- [flight-booking] [           main] org.hibernate.type.BasicTypeRegistry     : Adding type registration java.sql.Blob -> org.hibernate.type.BasicTypeReference@28e94c2
2025-03-19T21:42:00.743-05:00 DEBUG 80480 --- [flight-booking] [           main] org.hibernate.type.BasicTypeRegistry     : Adding type registration materialized_blob -> org.hibernate.type.BasicTypeReference@3d40498a
2025-03-19T21:42:00.743-05:00 DEBUG 80480 --- [flight-booking] [           main] org.hibernate.type.BasicTypeRegistry     : Adding type registration materialized_blob_wrapper -> org.hibernate.type.BasicTypeReference@14d1737a
2025-03-19T21:42:00.744-05:00 DEBUG 80480 --- [flight-booking] [           main] org.hibernate.type.BasicTypeRegistry     : Adding type registration short -> org.hibernate.type.BasicTypeReference@482a58c7
2025-03-19T21:42:00.744-05:00 DEBUG 80480 --- [flight-booking] [           main] org.hibernate.type.BasicTypeRegistry     : Adding type registration short -> org.hibernate.type.BasicTypeReference@482a58c7
2025-03-19T21:42:00.744-05:00 DEBUG 80480 --- [flight-booking] [           main] org.hibernate.type.BasicTypeRegistry     : Adding type registration java.lang.Short -> org.hibernate.type.BasicTypeReference@482a58c7
2025-03-19T21:42:00.744-05:00 DEBUG 80480 --- [flight-booking] [           main] org.hibernate.type.BasicTypeRegistry     : Adding type registration integer -> org.hibernate.type.BasicTypeReference@3e74fd84
2025-03-19T21:42:00.744-05:00 DEBUG 80480 --- [flight-booking] [           main] org.hibernate.type.BasicTypeRegistry     : Adding type registration int -> org.hibernate.type.BasicTypeReference@3e74fd84
2025-03-19T21:42:00.744-05:00 DEBUG 80480 --- [flight-booking] [           main] org.hibernate.type.BasicTypeRegistry     : Adding type registration java.lang.Integer -> org.hibernate.type.BasicTypeReference@3e74fd84
2025-03-19T21:42:00.745-05:00 DEBUG 80480 --- [flight-booking] [           main] org.hibernate.type.BasicTypeRegistry     : Adding type registration long -> org.hibernate.type.BasicTypeReference@147efd9
2025-03-19T21:42:00.745-05:00 DEBUG 80480 --- [flight-booking] [           main] org.hibernate.type.BasicTypeRegistry     : Adding type registration long -> org.hibernate.type.BasicTypeReference@147efd9
2025-03-19T21:42:00.745-05:00 DEBUG 80480 --- [flight-booking] [           main] org.hibernate.type.BasicTypeRegistry     : Adding type registration java.lang.Long -> org.hibernate.type.BasicTypeReference@147efd9
2025-03-19T21:42:00.745-05:00 DEBUG 80480 --- [flight-booking] [           main] org.hibernate.type.BasicTypeRegistry     : Adding type registration float -> org.hibernate.type.BasicTypeReference@1e120628
2025-03-19T21:42:00.745-05:00 DEBUG 80480 --- [flight-booking] [           main] org.hibernate.type.BasicTypeRegistry     : Adding type registration float -> org.hibernate.type.BasicTypeReference@1e120628
2025-03-19T21:42:00.745-05:00 DEBUG 80480 --- [flight-booking] [           main] org.hibernate.type.BasicTypeRegistry     : Adding type registration java.lang.Float -> org.hibernate.type.BasicTypeReference@1e120628
2025-03-19T21:42:00.745-05:00 DEBUG 80480 --- [flight-booking] [           main] org.hibernate.type.BasicTypeRegistry     : Adding type registration double -> org.hibernate.type.BasicTypeReference@4e4894d
2025-03-19T21:42:00.745-05:00 DEBUG 80480 --- [flight-booking] [           main] org.hibernate.type.BasicTypeRegistry     : Adding type registration double -> org.hibernate.type.BasicTypeReference@4e4894d
2025-03-19T21:42:00.746-05:00 DEBUG 80480 --- [flight-booking] [           main] org.hibernate.type.BasicTypeRegistry     : Adding type registration java.lang.Double -> org.hibernate.type.BasicTypeReference@4e4894d
2025-03-19T21:42:00.746-05:00 DEBUG 80480 --- [flight-booking] [           main] org.hibernate.type.BasicTypeRegistry     : Adding type registration big_integer -> org.hibernate.type.BasicTypeReference@1de5cc88
2025-03-19T21:42:00.746-05:00 DEBUG 80480 --- [flight-booking] [           main] org.hibernate.type.BasicTypeRegistry     : Adding type registration java.math.BigInteger -> org.hibernate.type.BasicTypeReference@1de5cc88
2025-03-19T21:42:00.746-05:00 DEBUG 80480 --- [flight-booking] [           main] org.hibernate.type.BasicTypeRegistry     : Adding type registration big_decimal -> org.hibernate.type.BasicTypeReference@23e2c1ca
2025-03-19T21:42:00.747-05:00 DEBUG 80480 --- [flight-booking] [           main] org.hibernate.type.BasicTypeRegistry     : Adding type registration java.math.BigDecimal -> org.hibernate.type.BasicTypeReference@23e2c1ca
2025-03-19T21:42:00.747-05:00 DEBUG 80480 --- [flight-booking] [           main] org.hibernate.type.BasicTypeRegistry     : Adding type registration character -> org.hibernate.type.BasicTypeReference@2d4fb0d8
2025-03-19T21:42:00.747-05:00 DEBUG 80480 --- [flight-booking] [           main] org.hibernate.type.BasicTypeRegistry     : Adding type registration char -> org.hibernate.type.BasicTypeReference@2d4fb0d8
2025-03-19T21:42:00.747-05:00 DEBUG 80480 --- [flight-booking] [           main] org.hibernate.type.BasicTypeRegistry     : Adding type registration java.lang.Character -> org.hibernate.type.BasicTypeReference@2d4fb0d8
2025-03-19T21:42:00.747-05:00 DEBUG 80480 --- [flight-booking] [           main] org.hibernate.type.BasicTypeRegistry     : Adding type registration character_nchar -> org.hibernate.type.BasicTypeReference@dc1fadd
2025-03-19T21:42:00.747-05:00 DEBUG 80480 --- [flight-booking] [           main] org.hibernate.type.BasicTypeRegistry     : Adding type registration string -> org.hibernate.type.BasicTypeReference@3ef3f661
2025-03-19T21:42:00.747-05:00 DEBUG 80480 --- [flight-booking] [           main] org.hibernate.type.BasicTypeRegistry     : Adding type registration java.lang.String -> org.hibernate.type.BasicTypeReference@3ef3f661
2025-03-19T21:42:00.747-05:00 DEBUG 80480 --- [flight-booking] [           main] org.hibernate.type.BasicTypeRegistry     : Adding type registration nstring -> org.hibernate.type.BasicTypeReference@baa9ce4
2025-03-19T21:42:00.747-05:00 DEBUG 80480 --- [flight-booking] [           main] org.hibernate.type.BasicTypeRegistry     : Adding type registration characters -> org.hibernate.type.BasicTypeReference@5b332439
2025-03-19T21:42:00.747-05:00 DEBUG 80480 --- [flight-booking] [           main] org.hibernate.type.BasicTypeRegistry     : Adding type registration char[] -> org.hibernate.type.BasicTypeReference@5b332439
2025-03-19T21:42:00.748-05:00 DEBUG 80480 --- [flight-booking] [           main] org.hibernate.type.BasicTypeRegistry     : Adding type registration [C -> org.hibernate.type.BasicTypeReference@5b332439
2025-03-19T21:42:00.748-05:00 DEBUG 80480 --- [flight-booking] [           main] org.hibernate.type.BasicTypeRegistry     : Adding type registration wrapper-characters -> org.hibernate.type.BasicTypeReference@59262a90
2025-03-19T21:42:00.748-05:00 DEBUG 80480 --- [flight-booking] [           main] org.hibernate.type.BasicTypeRegistry     : Adding type registration text -> org.hibernate.type.BasicTypeReference@78479f2b
2025-03-19T21:42:00.748-05:00 DEBUG 80480 --- [flight-booking] [           main] org.hibernate.type.BasicTypeRegistry     : Adding type registration ntext -> org.hibernate.type.BasicTypeReference@2755617b
2025-03-19T21:42:00.748-05:00 DEBUG 80480 --- [flight-booking] [           main] org.hibernate.type.BasicTypeRegistry     : Adding type registration clob -> org.hibernate.type.BasicTypeReference@65859b44
2025-03-19T21:42:00.748-05:00 DEBUG 80480 --- [flight-booking] [           main] org.hibernate.type.BasicTypeRegistry     : Adding type registration java.sql.Clob -> org.hibernate.type.BasicTypeReference@65859b44
2025-03-19T21:42:00.749-05:00 DEBUG 80480 --- [flight-booking] [           main] org.hibernate.type.BasicTypeRegistry     : Adding type registration nclob -> org.hibernate.type.BasicTypeReference@d9f5fce
2025-03-19T21:42:00.749-05:00 DEBUG 80480 --- [flight-booking] [           main] org.hibernate.type.BasicTypeRegistry     : Adding type registration java.sql.NClob -> org.hibernate.type.BasicTypeReference@d9f5fce
2025-03-19T21:42:00.749-05:00 DEBUG 80480 --- [flight-booking] [           main] org.hibernate.type.BasicTypeRegistry     : Adding type registration materialized_clob -> org.hibernate.type.BasicTypeReference@49653791
2025-03-19T21:42:00.749-05:00 DEBUG 80480 --- [flight-booking] [           main] org.hibernate.type.BasicTypeRegistry     : Adding type registration materialized_clob_char_array -> org.hibernate.type.BasicTypeReference@45b7c97f
2025-03-19T21:42:00.749-05:00 DEBUG 80480 --- [flight-booking] [           main] org.hibernate.type.BasicTypeRegistry     : Adding type registration materialized_clob_character_array -> org.hibernate.type.BasicTypeReference@c212536
2025-03-19T21:42:00.749-05:00 DEBUG 80480 --- [flight-booking] [           main] org.hibernate.type.BasicTypeRegistry     : Adding type registration materialized_nclob -> org.hibernate.type.BasicTypeReference@7b377a53
2025-03-19T21:42:00.749-05:00 DEBUG 80480 --- [flight-booking] [           main] org.hibernate.type.BasicTypeRegistry     : Adding type registration materialized_nclob_character_array -> org.hibernate.type.BasicTypeReference@1b0e031b
2025-03-19T21:42:00.749-05:00 DEBUG 80480 --- [flight-booking] [           main] org.hibernate.type.BasicTypeRegistry     : Adding type registration materialized_nclob_char_array -> org.hibernate.type.BasicTypeReference@6009cd34
2025-03-19T21:42:00.750-05:00 DEBUG 80480 --- [flight-booking] [           main] org.hibernate.type.BasicTypeRegistry     : Adding type registration Duration -> org.hibernate.type.BasicTypeReference@65844c96
2025-03-19T21:42:00.750-05:00 DEBUG 80480 --- [flight-booking] [           main] org.hibernate.type.BasicTypeRegistry     : Adding type registration java.time.Duration -> org.hibernate.type.BasicTypeReference@65844c96
2025-03-19T21:42:00.750-05:00 DEBUG 80480 --- [flight-booking] [           main] org.hibernate.type.BasicTypeRegistry     : Adding type registration LocalDateTime -> org.hibernate.type.BasicTypeReference@25214797
2025-03-19T21:42:00.750-05:00 DEBUG 80480 --- [flight-booking] [           main] org.hibernate.type.BasicTypeRegistry     : Adding type registration java.time.LocalDateTime -> org.hibernate.type.BasicTypeReference@25214797
2025-03-19T21:42:00.750-05:00 DEBUG 80480 --- [flight-booking] [           main] org.hibernate.type.BasicTypeRegistry     : Adding type registration LocalDate -> org.hibernate.type.BasicTypeReference@4e5c8ef3
2025-03-19T21:42:00.750-05:00 DEBUG 80480 --- [flight-booking] [           main] org.hibernate.type.BasicTypeRegistry     : Adding type registration java.time.LocalDate -> org.hibernate.type.BasicTypeReference@4e5c8ef3
2025-03-19T21:42:00.750-05:00 DEBUG 80480 --- [flight-booking] [           main] org.hibernate.type.BasicTypeRegistry     : Adding type registration LocalTime -> org.hibernate.type.BasicTypeReference@60928a61
2025-03-19T21:42:00.751-05:00 DEBUG 80480 --- [flight-booking] [           main] org.hibernate.type.BasicTypeRegistry     : Adding type registration java.time.LocalTime -> org.hibernate.type.BasicTypeReference@60928a61
2025-03-19T21:42:00.751-05:00 DEBUG 80480 --- [flight-booking] [           main] org.hibernate.type.BasicTypeRegistry     : Adding type registration OffsetDateTime -> org.hibernate.type.BasicTypeReference@27358a19
2025-03-19T21:42:00.751-05:00 DEBUG 80480 --- [flight-booking] [           main] org.hibernate.type.BasicTypeRegistry     : Adding type registration java.time.OffsetDateTime -> org.hibernate.type.BasicTypeReference@27358a19
2025-03-19T21:42:00.751-05:00 DEBUG 80480 --- [flight-booking] [           main] org.hibernate.type.BasicTypeRegistry     : Adding type registration OffsetDateTimeWithTimezone -> org.hibernate.type.BasicTypeReference@8077c97
2025-03-19T21:42:00.751-05:00 DEBUG 80480 --- [flight-booking] [           main] org.hibernate.type.BasicTypeRegistry     : Adding type registration OffsetDateTimeWithoutTimezone -> org.hibernate.type.BasicTypeReference@22865072
2025-03-19T21:42:00.751-05:00 DEBUG 80480 --- [flight-booking] [           main] org.hibernate.type.BasicTypeRegistry     : Adding type registration OffsetTime -> org.hibernate.type.BasicTypeReference@563317c1
2025-03-19T21:42:00.751-05:00 DEBUG 80480 --- [flight-booking] [           main] org.hibernate.type.BasicTypeRegistry     : Adding type registration java.time.OffsetTime -> org.hibernate.type.BasicTypeReference@563317c1
2025-03-19T21:42:00.751-05:00 DEBUG 80480 --- [flight-booking] [           main] org.hibernate.type.BasicTypeRegistry     : Adding type registration OffsetTimeUtc -> org.hibernate.type.BasicTypeReference@5d5d3a5c
2025-03-19T21:42:00.752-05:00 DEBUG 80480 --- [flight-booking] [           main] org.hibernate.type.BasicTypeRegistry     : Adding type registration OffsetTimeWithTimezone -> org.hibernate.type.BasicTypeReference@6e0d16a4
2025-03-19T21:42:00.752-05:00 DEBUG 80480 --- [flight-booking] [           main] org.hibernate.type.BasicTypeRegistry     : Adding type registration OffsetTimeWithoutTimezone -> org.hibernate.type.BasicTypeReference@7e18ced7
2025-03-19T21:42:00.752-05:00 DEBUG 80480 --- [flight-booking] [           main] org.hibernate.type.BasicTypeRegistry     : Adding type registration ZonedDateTime -> org.hibernate.type.BasicTypeReference@305b43ca
2025-03-19T21:42:00.752-05:00 DEBUG 80480 --- [flight-booking] [           main] org.hibernate.type.BasicTypeRegistry     : Adding type registration java.time.ZonedDateTime -> org.hibernate.type.BasicTypeReference@305b43ca
2025-03-19T21:42:00.752-05:00 DEBUG 80480 --- [flight-booking] [           main] org.hibernate.type.BasicTypeRegistry     : Adding type registration ZonedDateTimeWithTimezone -> org.hibernate.type.BasicTypeReference@4601047
2025-03-19T21:42:00.752-05:00 DEBUG 80480 --- [flight-booking] [           main] org.hibernate.type.BasicTypeRegistry     : Adding type registration ZonedDateTimeWithoutTimezone -> org.hibernate.type.BasicTypeReference@25e8e59
2025-03-19T21:42:00.752-05:00 DEBUG 80480 --- [flight-booking] [           main] org.hibernate.type.BasicTypeRegistry     : Adding type registration date -> org.hibernate.type.BasicTypeReference@3a0896b3
2025-03-19T21:42:00.752-05:00 DEBUG 80480 --- [flight-booking] [           main] org.hibernate.type.BasicTypeRegistry     : Adding type registration java.sql.Date -> org.hibernate.type.BasicTypeReference@3a0896b3
2025-03-19T21:42:00.752-05:00 DEBUG 80480 --- [flight-booking] [           main] org.hibernate.type.BasicTypeRegistry     : Adding type registration time -> org.hibernate.type.BasicTypeReference@50a7c72b
2025-03-19T21:42:00.753-05:00 DEBUG 80480 --- [flight-booking] [           main] org.hibernate.type.BasicTypeRegistry     : Adding type registration java.sql.Time -> org.hibernate.type.BasicTypeReference@50a7c72b
2025-03-19T21:42:00.753-05:00 DEBUG 80480 --- [flight-booking] [           main] org.hibernate.type.BasicTypeRegistry     : Adding type registration timestamp -> org.hibernate.type.BasicTypeReference@54c11750
2025-03-19T21:42:00.753-05:00 DEBUG 80480 --- [flight-booking] [           main] org.hibernate.type.BasicTypeRegistry     : Adding type registration java.sql.Timestamp -> org.hibernate.type.BasicTypeReference@54c11750
2025-03-19T21:42:00.753-05:00 DEBUG 80480 --- [flight-booking] [           main] org.hibernate.type.BasicTypeRegistry     : Adding type registration java.util.Date -> org.hibernate.type.BasicTypeReference@54c11750
2025-03-19T21:42:00.753-05:00 DEBUG 80480 --- [flight-booking] [           main] org.hibernate.type.BasicTypeRegistry     : Adding type registration calendar -> org.hibernate.type.BasicTypeReference@221b77d7
2025-03-19T21:42:00.753-05:00 DEBUG 80480 --- [flight-booking] [           main] org.hibernate.type.BasicTypeRegistry     : Adding type registration java.util.Calendar -> org.hibernate.type.BasicTypeReference@221b77d7
2025-03-19T21:42:00.753-05:00 DEBUG 80480 --- [flight-booking] [           main] org.hibernate.type.BasicTypeRegistry     : Adding type registration java.util.GregorianCalendar -> org.hibernate.type.BasicTypeReference@221b77d7
2025-03-19T21:42:00.754-05:00 DEBUG 80480 --- [flight-booking] [           main] org.hibernate.type.BasicTypeRegistry     : Adding type registration calendar_date -> org.hibernate.type.BasicTypeReference@5cd8d029
2025-03-19T21:42:00.754-05:00 DEBUG 80480 --- [flight-booking] [           main] org.hibernate.type.BasicTypeRegistry     : Adding type registration calendar_time -> org.hibernate.type.BasicTypeReference@6e8f2094
2025-03-19T21:42:00.754-05:00 DEBUG 80480 --- [flight-booking] [           main] org.hibernate.type.BasicTypeRegistry     : Adding type registration instant -> org.hibernate.type.BasicTypeReference@1753475d
2025-03-19T21:42:00.754-05:00 DEBUG 80480 --- [flight-booking] [           main] org.hibernate.type.BasicTypeRegistry     : Adding type registration java.time.Instant -> org.hibernate.type.BasicTypeReference@1753475d
2025-03-19T21:42:00.754-05:00 DEBUG 80480 --- [flight-booking] [           main] org.hibernate.type.BasicTypeRegistry     : Adding type registration uuid -> org.hibernate.type.BasicTypeReference@d108406
2025-03-19T21:42:00.754-05:00 DEBUG 80480 --- [flight-booking] [           main] org.hibernate.type.BasicTypeRegistry     : Adding type registration java.util.UUID -> org.hibernate.type.BasicTypeReference@d108406
2025-03-19T21:42:00.754-05:00 DEBUG 80480 --- [flight-booking] [           main] org.hibernate.type.BasicTypeRegistry     : Adding type registration pg-uuid -> org.hibernate.type.BasicTypeReference@d108406
2025-03-19T21:42:00.754-05:00 DEBUG 80480 --- [flight-booking] [           main] org.hibernate.type.BasicTypeRegistry     : Adding type registration uuid-binary -> org.hibernate.type.BasicTypeReference@799c8758
2025-03-19T21:42:00.754-05:00 DEBUG 80480 --- [flight-booking] [           main] org.hibernate.type.BasicTypeRegistry     : Adding type registration uuid-char -> org.hibernate.type.BasicTypeReference@6e00837f
2025-03-19T21:42:00.755-05:00 DEBUG 80480 --- [flight-booking] [           main] org.hibernate.type.BasicTypeRegistry     : Adding type registration class -> org.hibernate.type.BasicTypeReference@63e4484d
2025-03-19T21:42:00.755-05:00 DEBUG 80480 --- [flight-booking] [           main] org.hibernate.type.BasicTypeRegistry     : Adding type registration java.lang.Class -> org.hibernate.type.BasicTypeReference@63e4484d
2025-03-19T21:42:00.755-05:00 DEBUG 80480 --- [flight-booking] [           main] org.hibernate.type.BasicTypeRegistry     : Adding type registration currency -> org.hibernate.type.BasicTypeReference@6a5dd083
2025-03-19T21:42:00.755-05:00 DEBUG 80480 --- [flight-booking] [           main] org.hibernate.type.BasicTypeRegistry     : Adding type registration Currency -> org.hibernate.type.BasicTypeReference@6a5dd083
2025-03-19T21:42:00.755-05:00 DEBUG 80480 --- [flight-booking] [           main] org.hibernate.type.BasicTypeRegistry     : Adding type registration java.util.Currency -> org.hibernate.type.BasicTypeReference@6a5dd083
2025-03-19T21:42:00.755-05:00 DEBUG 80480 --- [flight-booking] [           main] org.hibernate.type.BasicTypeRegistry     : Adding type registration locale -> org.hibernate.type.BasicTypeReference@77663cd7
2025-03-19T21:42:00.755-05:00 DEBUG 80480 --- [flight-booking] [           main] org.hibernate.type.BasicTypeRegistry     : Adding type registration java.util.Locale -> org.hibernate.type.BasicTypeReference@77663cd7
2025-03-19T21:42:00.756-05:00 DEBUG 80480 --- [flight-booking] [           main] org.hibernate.type.BasicTypeRegistry     : Adding type registration serializable -> org.hibernate.type.BasicTypeReference@1d17423f
2025-03-19T21:42:00.756-05:00 DEBUG 80480 --- [flight-booking] [           main] org.hibernate.type.BasicTypeRegistry     : Adding type registration java.io.Serializable -> org.hibernate.type.BasicTypeReference@1d17423f
2025-03-19T21:42:00.756-05:00 DEBUG 80480 --- [flight-booking] [           main] org.hibernate.type.BasicTypeRegistry     : Adding type registration timezone -> org.hibernate.type.BasicTypeReference@5c70d7f0
2025-03-19T21:42:00.756-05:00 DEBUG 80480 --- [flight-booking] [           main] org.hibernate.type.BasicTypeRegistry     : Adding type registration java.util.TimeZone -> org.hibernate.type.BasicTypeReference@5c70d7f0
2025-03-19T21:42:00.756-05:00 DEBUG 80480 --- [flight-booking] [           main] org.hibernate.type.BasicTypeRegistry     : Adding type registration ZoneOffset -> org.hibernate.type.BasicTypeReference@582dcd35
2025-03-19T21:42:00.756-05:00 DEBUG 80480 --- [flight-booking] [           main] org.hibernate.type.BasicTypeRegistry     : Adding type registration java.time.ZoneOffset -> org.hibernate.type.BasicTypeReference@582dcd35
2025-03-19T21:42:00.757-05:00 DEBUG 80480 --- [flight-booking] [           main] org.hibernate.type.BasicTypeRegistry     : Adding type registration url -> org.hibernate.type.BasicTypeReference@1e6bd263
2025-03-19T21:42:00.757-05:00 DEBUG 80480 --- [flight-booking] [           main] org.hibernate.type.BasicTypeRegistry     : Adding type registration java.net.URL -> org.hibernate.type.BasicTypeReference@1e6bd263
2025-03-19T21:42:00.757-05:00 DEBUG 80480 --- [flight-booking] [           main] org.hibernate.type.BasicTypeRegistry     : Adding type registration vector -> org.hibernate.type.BasicTypeReference@394a6d2b
2025-03-19T21:42:00.757-05:00 DEBUG 80480 --- [flight-booking] [           main] org.hibernate.type.BasicTypeRegistry     : Adding type registration float_vector -> org.hibernate.type.BasicTypeReference@635ff2a5
2025-03-19T21:42:00.757-05:00 DEBUG 80480 --- [flight-booking] [           main] org.hibernate.type.BasicTypeRegistry     : Adding type registration double_vector -> org.hibernate.type.BasicTypeReference@55adcf9e
2025-03-19T21:42:00.757-05:00 DEBUG 80480 --- [flight-booking] [           main] org.hibernate.type.BasicTypeRegistry     : Adding type registration byte_vector -> org.hibernate.type.BasicTypeReference@1515f782
2025-03-19T21:42:00.757-05:00 DEBUG 80480 --- [flight-booking] [           main] org.hibernate.type.BasicTypeRegistry     : Adding type registration row_version -> org.hibernate.type.BasicTypeReference@7f5ce33e
2025-03-19T21:42:00.765-05:00 DEBUG 80480 --- [flight-booking] [           main] org.hibernate.type.BasicTypeRegistry     : Adding type registration object -> org.hibernate.type.JavaObjectType@53bb71e5
2025-03-19T21:42:00.765-05:00 DEBUG 80480 --- [flight-booking] [           main] org.hibernate.type.BasicTypeRegistry     : Adding type registration java.lang.Object -> org.hibernate.type.JavaObjectType@53bb71e5
2025-03-19T21:42:00.767-05:00 DEBUG 80480 --- [flight-booking] [           main] org.hibernate.type.BasicTypeRegistry     : Adding type registration null -> org.hibernate.type.NullType@538b3c88
2025-03-19T21:42:00.767-05:00 DEBUG 80480 --- [flight-booking] [           main] org.hibernate.type.BasicTypeRegistry     : Adding type registration imm_date -> org.hibernate.type.BasicTypeReference@19b9f903
2025-03-19T21:42:00.767-05:00 DEBUG 80480 --- [flight-booking] [           main] org.hibernate.type.BasicTypeRegistry     : Adding type registration imm_time -> org.hibernate.type.BasicTypeReference@10e56da9
2025-03-19T21:42:00.767-05:00 DEBUG 80480 --- [flight-booking] [           main] org.hibernate.type.BasicTypeRegistry     : Adding type registration imm_timestamp -> org.hibernate.type.BasicTypeReference@28cb86b2
2025-03-19T21:42:00.767-05:00 DEBUG 80480 --- [flight-booking] [           main] org.hibernate.type.BasicTypeRegistry     : Adding type registration imm_calendar -> org.hibernate.type.BasicTypeReference@22ae905f
2025-03-19T21:42:00.768-05:00 DEBUG 80480 --- [flight-booking] [           main] org.hibernate.type.BasicTypeRegistry     : Adding type registration imm_calendar_date -> org.hibernate.type.BasicTypeReference@748904e8
2025-03-19T21:42:00.768-05:00 DEBUG 80480 --- [flight-booking] [           main] org.hibernate.type.BasicTypeRegistry     : Adding type registration imm_calendar_time -> org.hibernate.type.BasicTypeReference@4fbaa7f5
2025-03-19T21:42:00.768-05:00 DEBUG 80480 --- [flight-booking] [           main] org.hibernate.type.BasicTypeRegistry     : Adding type registration imm_binary -> org.hibernate.type.BasicTypeReference@3b3056a6
2025-03-19T21:42:00.768-05:00 DEBUG 80480 --- [flight-booking] [           main] org.hibernate.type.BasicTypeRegistry     : Adding type registration imm_serializable -> org.hibernate.type.BasicTypeReference@6d4a05f7
2025-03-19T21:42:00.773-05:00 DEBUG 80480 --- [flight-booking] [           main] o.h.boot.internal.BootstrapContextImpl   : Injecting JPA temp ClassLoader [org.springframework.instrument.classloading.SimpleThrowawayClassLoader@5cf0673d] into BootstrapContext; was [null]
2025-03-19T21:42:00.773-05:00 DEBUG 80480 --- [flight-booking] [           main] o.h.boot.internal.ClassLoaderAccessImpl  : ClassLoaderAccessImpl#injectTempClassLoader(org.springframework.instrument.classloading.SimpleThrowawayClassLoader@5cf0673d) [was null]
2025-03-19T21:42:00.774-05:00 DEBUG 80480 --- [flight-booking] [           main] o.h.boot.internal.BootstrapContextImpl   : Injecting ScanEnvironment [org.hibernate.jpa.boot.internal.StandardJpaScanEnvironmentImpl@7196a8f1] into BootstrapContext; was [null]
2025-03-19T21:42:00.774-05:00 DEBUG 80480 --- [flight-booking] [           main] o.h.boot.internal.BootstrapContextImpl   : Injecting ScanOptions [org.hibernate.boot.archive.scan.internal.StandardScanOptions@6a6da47a] into BootstrapContext; was [org.hibernate.boot.archive.scan.internal.StandardScanOptions@8f39224]
2025-03-19T21:42:00.801-05:00 DEBUG 80480 --- [flight-booking] [           main] o.h.j.b.i.PersistenceUnitInfoDescriptor  : Pushing class transformers for PU named 'default' on loading classloader jdk.internal.loader.ClassLoaders$AppClassLoader@18ff02e4
2025-03-19T21:42:01.114-05:00  INFO 80480 --- [flight-booking] [           main] o.s.o.j.p.SpringPersistenceUnitInfo      : No LoadTimeWeaver setup: ignoring JPA class transformer
2025-03-19T21:42:01.115-05:00 DEBUG 80480 --- [flight-booking] [           main] o.h.boot.internal.BootstrapContextImpl   : Injecting JPA temp ClassLoader [null] into BootstrapContext; was [org.springframework.instrument.classloading.SimpleThrowawayClassLoader@5cf0673d]
2025-03-19T21:42:01.115-05:00 DEBUG 80480 --- [flight-booking] [           main] o.h.boot.internal.ClassLoaderAccessImpl  : ClassLoaderAccessImpl#injectTempClassLoader(null) [was org.springframework.instrument.classloading.SimpleThrowawayClassLoader@5cf0673d]
2025-03-19T21:42:01.158-05:00  INFO 80480 --- [flight-booking] [           main] com.zaxxer.hikari.HikariDataSource       : HikariPool-1 - Starting...
2025-03-19T21:42:02.102-05:00  INFO 80480 --- [flight-booking] [           main] com.zaxxer.hikari.pool.HikariPool        : HikariPool-1 - Added connection com.mysql.cj.jdbc.ConnectionImpl@7538cfe6
2025-03-19T21:42:02.105-05:00  INFO 80480 --- [flight-booking] [           main] com.zaxxer.hikari.HikariDataSource       : HikariPool-1 - Start completed.
2025-03-19T21:42:02.115-05:00 DEBUG 80480 --- [flight-booking] [           main] o.h.e.j.e.i.JdbcEnvironmentInitiator     : Database ->
	   name : MySQL
	version : 9.1.0
	  major : 9
	  minor : 1
2025-03-19T21:42:02.115-05:00 DEBUG 80480 --- [flight-booking] [           main] o.h.e.j.e.i.JdbcEnvironmentInitiator     : Driver ->
	   name : MySQL Connector/J
	version : mysql-connector-j-8.0.33 (Revision: 7d6b0800528b6b25c68b52dc10d6c1c8429c100c)
	  major : 8
	  minor : 0
2025-03-19T21:42:02.115-05:00 DEBUG 80480 --- [flight-booking] [           main] o.h.e.j.e.i.JdbcEnvironmentInitiator     : JDBC version : 4.2
2025-03-19T21:42:02.276-05:00  WARN 80480 --- [flight-booking] [           main] org.hibernate.orm.deprecation            : HHH90000025: MySQLDialect does not need to be specified explicitly using 'hibernate.dialect' (remove the property setting and it will be selected by default)
2025-03-19T21:42:02.278-05:00 DEBUG 80480 --- [flight-booking] [           main] org.hibernate.orm.dialect                : HHH035001: Using dialect: org.hibernate.dialect.MySQLDialect, version: 9.1
2025-03-19T21:42:02.281-05:00 DEBUG 80480 --- [flight-booking] [           main] o.h.e.j.env.spi.IdentifierHelperBuilder  : JDBC driver metadata reported database stores quoted identifiers in more than one case
2025-03-19T21:42:02.282-05:00 DEBUG 80480 --- [flight-booking] [           main] o.h.e.j.env.spi.IdentifierHelperBuilder  : IdentifierCaseStrategy for both quoted and unquoted identifiers was set to the same strategy [MIXED]; that will likely lead to problems in schema update and validation if using quoted identifiers
2025-03-19T21:42:02.299-05:00  INFO 80480 --- [flight-booking] [           main] org.hibernate.orm.connections.pooling    : HHH10001005: Database info:
	Database JDBC URL [Connecting through datasource 'HikariDataSource (HikariPool-1)']
	Database driver: undefined/unknown
	Database version: 9.1
	Autocommit mode: undefined/unknown
	Isolation level: undefined/unknown
	Minimum pool size: undefined/unknown
	Maximum pool size: undefined/unknown
2025-03-19T21:42:02.309-05:00 DEBUG 80480 --- [flight-booking] [           main] o.h.t.d.sql.spi.DdlTypeRegistry          : addDescriptor(12, org.hibernate.type.descriptor.sql.internal.CapacityDependentDdlType@3a63d248) replaced previous registration(org.hibernate.type.descriptor.sql.internal.CapacityDependentDdlType@3c4ad54)
2025-03-19T21:42:02.309-05:00 DEBUG 80480 --- [flight-booking] [           main] o.h.t.d.sql.spi.DdlTypeRegistry          : addDescriptor(-9, org.hibernate.type.descriptor.sql.internal.CapacityDependentDdlType@4b22214d) replaced previous registration(org.hibernate.type.descriptor.sql.internal.CapacityDependentDdlType@498b611e)
2025-03-19T21:42:02.309-05:00 DEBUG 80480 --- [flight-booking] [           main] o.h.t.d.sql.spi.DdlTypeRegistry          : addDescriptor(-3, org.hibernate.type.descriptor.sql.internal.CapacityDependentDdlType@6dde1bf5) replaced previous registration(org.hibernate.type.descriptor.sql.internal.CapacityDependentDdlType@4b56b517)
2025-03-19T21:42:02.309-05:00 DEBUG 80480 --- [flight-booking] [           main] o.h.t.d.sql.spi.DdlTypeRegistry          : addDescriptor(4003, org.hibernate.type.descriptor.sql.internal.DdlTypeImpl@1124dd79) replaced previous registration(org.hibernate.type.descriptor.sql.internal.DdlTypeImpl@335cdd2)
2025-03-19T21:42:02.310-05:00 DEBUG 80480 --- [flight-booking] [           main] o.h.t.d.sql.spi.DdlTypeRegistry          : addDescriptor(4001, org.hibernate.type.descriptor.sql.internal.DdlTypeImpl@1ea96ff2) replaced previous registration(org.hibernate.type.descriptor.sql.internal.DdlTypeImpl@60a99f3d)
2025-03-19T21:42:02.310-05:00 DEBUG 80480 --- [flight-booking] [           main] o.h.t.d.sql.spi.DdlTypeRegistry          : addDescriptor(4002, org.hibernate.type.descriptor.sql.internal.DdlTypeImpl@57515944) replaced previous registration(org.hibernate.type.descriptor.sql.internal.DdlTypeImpl@7a274521)
2025-03-19T21:42:02.310-05:00 DEBUG 80480 --- [flight-booking] [           main] o.h.t.d.sql.spi.DdlTypeRegistry          : addDescriptor(2004, org.hibernate.type.descriptor.sql.internal.CapacityDependentDdlType@2fa47368) replaced previous registration(org.hibernate.type.descriptor.sql.internal.DdlTypeImpl@35841d6)
2025-03-19T21:42:02.310-05:00 DEBUG 80480 --- [flight-booking] [           main] o.h.t.d.sql.spi.DdlTypeRegistry          : addDescriptor(2005, org.hibernate.type.descriptor.sql.internal.CapacityDependentDdlType@5e9ea380) replaced previous registration(org.hibernate.type.descriptor.sql.internal.DdlTypeImpl@1e50eb3f)
2025-03-19T21:42:02.310-05:00 DEBUG 80480 --- [flight-booking] [           main] o.h.t.d.sql.spi.DdlTypeRegistry          : addDescriptor(2011, org.hibernate.type.descriptor.sql.internal.CapacityDependentDdlType@12e3f4ae) replaced previous registration(org.hibernate.type.descriptor.sql.internal.DdlTypeImpl@537451d5)
2025-03-19T21:42:02.312-05:00 DEBUG 80480 --- [flight-booking] [           main] o.h.t.d.jdbc.spi.JdbcTypeRegistry        : addDescriptor(NCharTypeDescriptor) replaced previous registration(CharTypeDescriptor)
2025-03-19T21:42:02.313-05:00 DEBUG 80480 --- [flight-booking] [           main] o.h.t.d.jdbc.spi.JdbcTypeRegistry        : addDescriptor(NVarcharTypeDescriptor) replaced previous registration(VarcharTypeDescriptor)
2025-03-19T21:42:02.313-05:00 DEBUG 80480 --- [flight-booking] [           main] o.h.t.d.jdbc.spi.JdbcTypeRegistry        : addDescriptor(LongNVarcharTypeDescriptor) replaced previous registration(LongVarcharTypeDescriptor)
2025-03-19T21:42:02.316-05:00 DEBUG 80480 --- [flight-booking] [           main] o.h.t.d.jdbc.spi.JdbcTypeRegistry        : addDescriptor(NClobTypeDescriptor(DEFAULT)) replaced previous registration(ClobTypeDescriptor(DEFAULT))
2025-03-19T21:42:02.319-05:00 DEBUG 80480 --- [flight-booking] [           main] org.hibernate.type.BasicTypeRegistry     : Adding type registration null -> org.hibernate.type.NullType@59c862af
2025-03-19T21:42:02.319-05:00 DEBUG 80480 --- [flight-booking] [           main] org.hibernate.type.BasicTypeRegistry     : Type registration key [null] overrode previous entry : `org.hibernate.type.NullType@538b3c88`
2025-03-19T21:42:02.324-05:00 DEBUG 80480 --- [flight-booking] [           main] org.hibernate.type.BasicTypeRegistry     : Adding type registration org.hibernate.type.DurationType -> basicType@1(java.time.Duration,3015)
2025-03-19T21:42:02.324-05:00 DEBUG 80480 --- [flight-booking] [           main] org.hibernate.type.BasicTypeRegistry     : Adding type registration Duration -> basicType@1(java.time.Duration,3015)
2025-03-19T21:42:02.324-05:00 DEBUG 80480 --- [flight-booking] [           main] org.hibernate.type.BasicTypeRegistry     : Adding type registration java.time.Duration -> basicType@1(java.time.Duration,3015)
2025-03-19T21:42:02.329-05:00 DEBUG 80480 --- [flight-booking] [           main] org.hibernate.type.BasicTypeRegistry     : Adding type registration org.hibernate.type.OffsetDateTimeType -> basicType@2(java.time.OffsetDateTime,3003)
2025-03-19T21:42:02.329-05:00 DEBUG 80480 --- [flight-booking] [           main] org.hibernate.type.BasicTypeRegistry     : Adding type registration OffsetDateTime -> basicType@2(java.time.OffsetDateTime,3003)
2025-03-19T21:42:02.330-05:00 DEBUG 80480 --- [flight-booking] [           main] org.hibernate.type.BasicTypeRegistry     : Adding type registration java.time.OffsetDateTime -> basicType@2(java.time.OffsetDateTime,3003)
2025-03-19T21:42:02.330-05:00 DEBUG 80480 --- [flight-booking] [           main] org.hibernate.type.BasicTypeRegistry     : Adding type registration org.hibernate.type.ZonedDateTimeType -> basicType@3(java.time.ZonedDateTime,3003)
2025-03-19T21:42:02.330-05:00 DEBUG 80480 --- [flight-booking] [           main] org.hibernate.type.BasicTypeRegistry     : Adding type registration ZonedDateTime -> basicType@3(java.time.ZonedDateTime,3003)
2025-03-19T21:42:02.330-05:00 DEBUG 80480 --- [flight-booking] [           main] org.hibernate.type.BasicTypeRegistry     : Adding type registration java.time.ZonedDateTime -> basicType@3(java.time.ZonedDateTime,3003)
2025-03-19T21:42:02.331-05:00 DEBUG 80480 --- [flight-booking] [           main] org.hibernate.type.BasicTypeRegistry     : Adding type registration org.hibernate.type.OffsetTimeType -> basicType@4(java.time.OffsetTime,3007)
2025-03-19T21:42:02.331-05:00 DEBUG 80480 --- [flight-booking] [           main] org.hibernate.type.BasicTypeRegistry     : Adding type registration OffsetTime -> basicType@4(java.time.OffsetTime,3007)
2025-03-19T21:42:02.332-05:00 DEBUG 80480 --- [flight-booking] [           main] org.hibernate.type.BasicTypeRegistry     : Adding type registration java.time.OffsetTime -> basicType@4(java.time.OffsetTime,3007)
2025-03-19T21:42:02.333-05:00 DEBUG 80480 --- [flight-booking] [           main] o.h.type.spi.TypeConfiguration$Scope     : Scoping TypeConfiguration [org.hibernate.type.spi.TypeConfiguration@74231642] to MetadataBuildingContext [org.hibernate.boot.internal.MetadataBuildingContextRootImpl@4a6facb0]
2025-03-19T21:42:02.386-05:00 DEBUG 80480 --- [flight-booking] [           main] o.h.boot.model.relational.Namespace      : Created database namespace [logicalName=Name{catalog=null, schema=null}, physicalName=Name{catalog=null, schema=null}]
2025-03-19T21:42:02.420-05:00 DEBUG 80480 --- [flight-booking] [           main] o.h.boot.model.internal.EntityBinder     : Binding entity from annotated class: edu.miu.cs.cs425.backend.domain.entity.Airline
2025-03-19T21:42:02.429-05:00 DEBUG 80480 --- [flight-booking] [           main] o.h.boot.model.internal.EntityBinder     : Import with entity name Airline
2025-03-19T21:42:02.438-05:00 DEBUG 80480 --- [flight-booking] [           main] o.h.boot.model.internal.EntityBinder     : Bind entity edu.miu.cs.cs425.backend.domain.entity.Airline on table airline
2025-03-19T21:42:02.449-05:00 DEBUG 80480 --- [flight-booking] [           main] o.h.boot.model.internal.AnnotatedColumn  : Binding column: AnnotatedDiscriminatorColumn(column='DTYPE')
2025-03-19T21:42:02.464-05:00 DEBUG 80480 --- [flight-booking] [           main] o.h.boot.model.internal.AnnotatedColumn  : Binding column: AnnotatedColumn()
2025-03-19T21:42:02.465-05:00 DEBUG 80480 --- [flight-booking] [           main] o.h.boot.internal.ClassLoaderAccessImpl  : Not known whether passed class name [edu.miu.cs.cs425.backend.domain.entity.Airline] is safe
2025-03-19T21:42:02.465-05:00 DEBUG 80480 --- [flight-booking] [           main] o.h.boot.internal.ClassLoaderAccessImpl  : No temp ClassLoader provided; using live ClassLoader for loading potentially unsafe class : edu.miu.cs.cs425.backend.domain.entity.Airline
2025-03-19T21:42:02.468-05:00 DEBUG 80480 --- [flight-booking] [           main] o.h.boot.model.internal.PropertyBinder   : MetadataSourceProcessor property code with lazy=false
2025-03-19T21:42:02.473-05:00 DEBUG 80480 --- [flight-booking] [           main] o.h.b.m.internal.AbstractPropertyHolder  : Attempting to locate auto-apply AttributeConverter for property [edu.miu.cs.cs425.backend.domain.entity.Airline:code]
2025-03-19T21:42:02.478-05:00 DEBUG 80480 --- [flight-booking] [           main] o.h.b.model.internal.BasicValueBinder    : building BasicValue for code
2025-03-19T21:42:02.481-05:00 DEBUG 80480 --- [flight-booking] [           main] org.hibernate.mapping.BasicValue         : Skipping column re-registration: airline.code
2025-03-19T21:42:02.482-05:00 DEBUG 80480 --- [flight-booking] [           main] o.h.boot.model.internal.PropertyBinder   : Building property code
2025-03-19T21:42:02.485-05:00 DEBUG 80480 --- [flight-booking] [           main] o.h.boot.model.internal.AnnotatedColumn  : Binding column: AnnotatedColumn()
2025-03-19T21:42:02.486-05:00 DEBUG 80480 --- [flight-booking] [           main] o.h.boot.model.internal.PropertyBinder   : MetadataSourceProcessor property logoUrl with lazy=false
2025-03-19T21:42:02.486-05:00 DEBUG 80480 --- [flight-booking] [           main] o.h.b.m.internal.AbstractPropertyHolder  : Attempting to locate auto-apply AttributeConverter for property [edu.miu.cs.cs425.backend.domain.entity.Airline:logoUrl]
2025-03-19T21:42:02.486-05:00 DEBUG 80480 --- [flight-booking] [           main] o.h.b.model.internal.BasicValueBinder    : building BasicValue for logoUrl
2025-03-19T21:42:02.486-05:00 DEBUG 80480 --- [flight-booking] [           main] org.hibernate.mapping.BasicValue         : Skipping column re-registration: airline.logo_url
2025-03-19T21:42:02.486-05:00 DEBUG 80480 --- [flight-booking] [           main] o.h.boot.model.internal.PropertyBinder   : Building property logoUrl
2025-03-19T21:42:02.487-05:00 DEBUG 80480 --- [flight-booking] [           main] o.h.boot.model.internal.AnnotatedColumn  : Binding column: AnnotatedColumn()
2025-03-19T21:42:02.487-05:00 DEBUG 80480 --- [flight-booking] [           main] o.h.boot.model.internal.PropertyBinder   : MetadataSourceProcessor property name with lazy=false
2025-03-19T21:42:02.487-05:00 DEBUG 80480 --- [flight-booking] [           main] o.h.b.m.internal.AbstractPropertyHolder  : Attempting to locate auto-apply AttributeConverter for property [edu.miu.cs.cs425.backend.domain.entity.Airline:name]
2025-03-19T21:42:02.487-05:00 DEBUG 80480 --- [flight-booking] [           main] o.h.b.model.internal.BasicValueBinder    : building BasicValue for name
2025-03-19T21:42:02.487-05:00 DEBUG 80480 --- [flight-booking] [           main] org.hibernate.mapping.BasicValue         : Skipping column re-registration: airline.name
2025-03-19T21:42:02.487-05:00 DEBUG 80480 --- [flight-booking] [           main] o.h.boot.model.internal.PropertyBinder   : Building property name
2025-03-19T21:42:02.489-05:00 DEBUG 80480 --- [flight-booking] [           main] o.h.b.r.c.i.ClassLoaderServiceImpl       : HHH000194: Package not found or no package-info.java: edu.miu.cs.cs425.backend.domain.entity
2025-03-19T21:42:02.494-05:00 DEBUG 80480 --- [flight-booking] [           main] o.h.boot.model.internal.EntityBinder     : Binding entity from annotated class: edu.miu.cs.cs425.backend.domain.entity.Airport
2025-03-19T21:42:02.495-05:00 DEBUG 80480 --- [flight-booking] [           main] o.h.boot.model.internal.EntityBinder     : Import with entity name Airport
2025-03-19T21:42:02.495-05:00 DEBUG 80480 --- [flight-booking] [           main] o.h.boot.model.internal.EntityBinder     : Bind entity edu.miu.cs.cs425.backend.domain.entity.Airport on table airport
2025-03-19T21:42:02.495-05:00 DEBUG 80480 --- [flight-booking] [           main] o.h.boot.model.internal.AnnotatedColumn  : Binding column: AnnotatedDiscriminatorColumn(column='DTYPE')
2025-03-19T21:42:02.496-05:00 DEBUG 80480 --- [flight-booking] [           main] o.h.boot.model.internal.AnnotatedColumn  : Binding column: AnnotatedColumn()
2025-03-19T21:42:02.496-05:00 DEBUG 80480 --- [flight-booking] [           main] o.h.boot.internal.ClassLoaderAccessImpl  : Not known whether passed class name [edu.miu.cs.cs425.backend.domain.entity.Airport] is safe
2025-03-19T21:42:02.497-05:00 DEBUG 80480 --- [flight-booking] [           main] o.h.boot.internal.ClassLoaderAccessImpl  : No temp ClassLoader provided; using live ClassLoader for loading potentially unsafe class : edu.miu.cs.cs425.backend.domain.entity.Airport
2025-03-19T21:42:02.497-05:00 DEBUG 80480 --- [flight-booking] [           main] o.h.boot.model.internal.PropertyBinder   : MetadataSourceProcessor property iataCode with lazy=false
2025-03-19T21:42:02.497-05:00 DEBUG 80480 --- [flight-booking] [           main] o.h.b.m.internal.AbstractPropertyHolder  : Attempting to locate auto-apply AttributeConverter for property [edu.miu.cs.cs425.backend.domain.entity.Airport:iataCode]
2025-03-19T21:42:02.497-05:00 DEBUG 80480 --- [flight-booking] [           main] o.h.b.model.internal.BasicValueBinder    : building BasicValue for iataCode
2025-03-19T21:42:02.497-05:00 DEBUG 80480 --- [flight-booking] [           main] org.hibernate.mapping.BasicValue         : Skipping column re-registration: airport.iata_code
2025-03-19T21:42:02.498-05:00 DEBUG 80480 --- [flight-booking] [           main] o.h.boot.model.internal.PropertyBinder   : Building property iataCode
2025-03-19T21:42:02.498-05:00 DEBUG 80480 --- [flight-booking] [           main] o.h.boot.model.internal.AnnotatedColumn  : Binding column: AnnotatedColumn()
2025-03-19T21:42:02.498-05:00 DEBUG 80480 --- [flight-booking] [           main] o.h.boot.model.internal.PropertyBinder   : MetadataSourceProcessor property city with lazy=false
2025-03-19T21:42:02.498-05:00 DEBUG 80480 --- [flight-booking] [           main] o.h.b.m.internal.AbstractPropertyHolder  : Attempting to locate auto-apply AttributeConverter for property [edu.miu.cs.cs425.backend.domain.entity.Airport:city]
2025-03-19T21:42:02.498-05:00 DEBUG 80480 --- [flight-booking] [           main] o.h.b.model.internal.BasicValueBinder    : building BasicValue for city
2025-03-19T21:42:02.498-05:00 DEBUG 80480 --- [flight-booking] [           main] org.hibernate.mapping.BasicValue         : Skipping column re-registration: airport.city
2025-03-19T21:42:02.499-05:00 DEBUG 80480 --- [flight-booking] [           main] o.h.boot.model.internal.PropertyBinder   : Building property city
2025-03-19T21:42:02.499-05:00 DEBUG 80480 --- [flight-booking] [           main] o.h.boot.model.internal.AnnotatedColumn  : Binding column: AnnotatedColumn()
2025-03-19T21:42:02.499-05:00 DEBUG 80480 --- [flight-booking] [           main] o.h.boot.model.internal.PropertyBinder   : MetadataSourceProcessor property country with lazy=false
2025-03-19T21:42:02.499-05:00 DEBUG 80480 --- [flight-booking] [           main] o.h.b.m.internal.AbstractPropertyHolder  : Attempting to locate auto-apply AttributeConverter for property [edu.miu.cs.cs425.backend.domain.entity.Airport:country]
2025-03-19T21:42:02.499-05:00 DEBUG 80480 --- [flight-booking] [           main] o.h.b.model.internal.BasicValueBinder    : building BasicValue for country
2025-03-19T21:42:02.499-05:00 DEBUG 80480 --- [flight-booking] [           main] org.hibernate.mapping.BasicValue         : Skipping column re-registration: airport.country
2025-03-19T21:42:02.500-05:00 DEBUG 80480 --- [flight-booking] [           main] o.h.boot.model.internal.PropertyBinder   : Building property country
2025-03-19T21:42:02.500-05:00 DEBUG 80480 --- [flight-booking] [           main] o.h.boot.model.internal.AnnotatedColumn  : Binding column: AnnotatedColumn()
2025-03-19T21:42:02.500-05:00 DEBUG 80480 --- [flight-booking] [           main] o.h.boot.model.internal.PropertyBinder   : MetadataSourceProcessor property name with lazy=false
2025-03-19T21:42:02.500-05:00 DEBUG 80480 --- [flight-booking] [           main] o.h.b.m.internal.AbstractPropertyHolder  : Attempting to locate auto-apply AttributeConverter for property [edu.miu.cs.cs425.backend.domain.entity.Airport:name]
2025-03-19T21:42:02.500-05:00 DEBUG 80480 --- [flight-booking] [           main] o.h.b.model.internal.BasicValueBinder    : building BasicValue for name
2025-03-19T21:42:02.500-05:00 DEBUG 80480 --- [flight-booking] [           main] org.hibernate.mapping.BasicValue         : Skipping column re-registration: airport.name
2025-03-19T21:42:02.500-05:00 DEBUG 80480 --- [flight-booking] [           main] o.h.boot.model.internal.PropertyBinder   : Building property name
2025-03-19T21:42:02.501-05:00 DEBUG 80480 --- [flight-booking] [           main] o.h.b.r.c.i.ClassLoaderServiceImpl       : HHH000194: Package not found or no package-info.java: edu.miu.cs.cs425.backend.domain.entity
2025-03-19T21:42:02.502-05:00 DEBUG 80480 --- [flight-booking] [           main] o.h.boot.model.internal.EntityBinder     : Binding entity from annotated class: edu.miu.cs.cs425.backend.domain.entity.Booking
2025-03-19T21:42:02.502-05:00 DEBUG 80480 --- [flight-booking] [           main] o.h.boot.model.internal.EntityBinder     : Import with entity name Booking
2025-03-19T21:42:02.502-05:00 DEBUG 80480 --- [flight-booking] [           main] o.h.boot.model.internal.EntityBinder     : Bind entity edu.miu.cs.cs425.backend.domain.entity.Booking on table bookings
2025-03-19T21:42:02.502-05:00 DEBUG 80480 --- [flight-booking] [           main] o.h.boot.model.internal.AnnotatedColumn  : Binding column: AnnotatedDiscriminatorColumn(column='DTYPE')
2025-03-19T21:42:02.515-05:00 DEBUG 80480 --- [flight-booking] [           main] o.h.boot.model.internal.AnnotatedColumn  : Binding column: AnnotatedColumn()
2025-03-19T21:42:02.515-05:00 DEBUG 80480 --- [flight-booking] [           main] o.h.boot.internal.ClassLoaderAccessImpl  : Not known whether passed class name [edu.miu.cs.cs425.backend.domain.entity.Booking] is safe
2025-03-19T21:42:02.515-05:00 DEBUG 80480 --- [flight-booking] [           main] o.h.boot.internal.ClassLoaderAccessImpl  : No temp ClassLoader provided; using live ClassLoader for loading potentially unsafe class : edu.miu.cs.cs425.backend.domain.entity.Booking
2025-03-19T21:42:02.516-05:00 DEBUG 80480 --- [flight-booking] [           main] o.h.boot.model.internal.PropertyBinder   : MetadataSourceProcessor property id with lazy=false
2025-03-19T21:42:02.517-05:00 DEBUG 80480 --- [flight-booking] [           main] o.h.b.m.internal.AbstractPropertyHolder  : Attempting to locate auto-apply AttributeConverter for property [edu.miu.cs.cs425.backend.domain.entity.Booking:id]
2025-03-19T21:42:02.517-05:00 DEBUG 80480 --- [flight-booking] [           main] o.h.b.model.internal.BasicValueBinder    : building BasicValue for id
2025-03-19T21:42:02.517-05:00 DEBUG 80480 --- [flight-booking] [           main] org.hibernate.mapping.BasicValue         : Skipping column re-registration: bookings.id
2025-03-19T21:42:02.517-05:00 DEBUG 80480 --- [flight-booking] [           main] o.h.boot.model.internal.PropertyBinder   : Building property id
2025-03-19T21:42:02.519-05:00 DEBUG 80480 --- [flight-booking] [           main] o.h.boot.model.internal.BinderHelper     : #makeIdGenerator(BasicValue([Column(id)]), id, identity, , ...)
2025-03-19T21:42:02.520-05:00 DEBUG 80480 --- [flight-booking] [           main] o.h.boot.model.internal.AnnotatedColumn  : Binding column: AnnotatedColumn()
2025-03-19T21:42:02.520-05:00 DEBUG 80480 --- [flight-booking] [           main] o.h.boot.model.internal.PropertyBinder   : MetadataSourceProcessor property createdAt with lazy=false
2025-03-19T21:42:02.520-05:00 DEBUG 80480 --- [flight-booking] [           main] o.h.b.m.internal.AbstractPropertyHolder  : Attempting to locate auto-apply AttributeConverter for property [edu.miu.cs.cs425.backend.domain.entity.Booking:createdAt]
2025-03-19T21:42:02.520-05:00 DEBUG 80480 --- [flight-booking] [           main] o.h.b.model.internal.BasicValueBinder    : building BasicValue for createdAt
2025-03-19T21:42:02.521-05:00 DEBUG 80480 --- [flight-booking] [           main] org.hibernate.mapping.BasicValue         : Skipping column re-registration: bookings.created_at
2025-03-19T21:42:02.521-05:00 DEBUG 80480 --- [flight-booking] [           main] o.h.boot.model.internal.PropertyBinder   : Building property createdAt
2025-03-19T21:42:02.521-05:00 DEBUG 80480 --- [flight-booking] [           main] o.h.boot.model.internal.AnnotatedColumn  : Binding column: AnnotatedColumn()
2025-03-19T21:42:02.521-05:00 DEBUG 80480 --- [flight-booking] [           main] o.h.boot.model.internal.PropertyBinder   : MetadataSourceProcessor property fareType with lazy=false
2025-03-19T21:42:02.521-05:00 DEBUG 80480 --- [flight-booking] [           main] o.h.b.m.internal.AbstractPropertyHolder  : Attempting to locate auto-apply AttributeConverter for property [edu.miu.cs.cs425.backend.domain.entity.Booking:fareType]
2025-03-19T21:42:02.521-05:00 DEBUG 80480 --- [flight-booking] [           main] o.h.b.model.internal.BasicValueBinder    : building BasicValue for fareType
2025-03-19T21:42:02.521-05:00 DEBUG 80480 --- [flight-booking] [           main] org.hibernate.mapping.BasicValue         : Skipping column re-registration: bookings.fare_type
2025-03-19T21:42:02.521-05:00 DEBUG 80480 --- [flight-booking] [           main] o.h.boot.model.internal.PropertyBinder   : Building property fareType
2025-03-19T21:42:02.524-05:00 DEBUG 80480 --- [flight-booking] [           main] o.h.boot.model.internal.AnnotatedColumn  : Binding column: AnnotatedJoinColumn(column='booking_id')
2025-03-19T21:42:02.524-05:00 DEBUG 80480 --- [flight-booking] [           main] o.h.boot.model.internal.AnnotatedColumn  : Binding column: AnnotatedColumn()
2025-03-19T21:42:02.552-05:00 DEBUG 80480 --- [flight-booking] [           main] o.h.boot.model.internal.AnnotatedColumn  : Binding column: IndexColumn(column='flightLegs_ORDER')
2025-03-19T21:42:02.554-05:00 DEBUG 80480 --- [flight-booking] [           main] o.h.boot.model.internal.AnnotatedColumn  : Binding column: AnnotatedColumn()
2025-03-19T21:42:02.555-05:00 DEBUG 80480 --- [flight-booking] [           main] o.h.boot.model.internal.AnnotatedColumn  : Binding column: AnnotatedColumn(column='flightLegs_KEY')
2025-03-19T21:42:02.555-05:00 DEBUG 80480 --- [flight-booking] [           main] o.h.boot.model.internal.AnnotatedColumn  : Binding column: AnnotatedJoinColumn(column='flightLegs_KEY')
2025-03-19T21:42:02.557-05:00 DEBUG 80480 --- [flight-booking] [           main] o.h.boot.model.internal.AnnotatedColumn  : Binding column: AnnotatedJoinColumn()
2025-03-19T21:42:02.557-05:00 DEBUG 80480 --- [flight-booking] [           main] o.h.boot.model.internal.AnnotatedColumn  : Binding column: AnnotatedJoinColumn()
2025-03-19T21:42:02.560-05:00 DEBUG 80480 --- [flight-booking] [           main] o.h.b.model.internal.CollectionBinder    : Collection role: edu.miu.cs.cs425.backend.domain.entity.Booking.flightLegs
2025-03-19T21:42:02.563-05:00 DEBUG 80480 --- [flight-booking] [           main] o.h.boot.model.internal.PropertyBinder   : Building property flightLegs
2025-03-19T21:42:02.563-05:00 DEBUG 80480 --- [flight-booking] [           main] o.h.boot.model.internal.AnnotatedColumn  : Binding column: AnnotatedJoinColumn(column='booking_id')
2025-03-19T21:42:02.564-05:00 DEBUG 80480 --- [flight-booking] [           main] o.h.boot.model.internal.AnnotatedColumn  : Binding column: AnnotatedColumn()
2025-03-19T21:42:02.564-05:00 DEBUG 80480 --- [flight-booking] [           main] o.h.boot.model.internal.AnnotatedColumn  : Binding column: IndexColumn(column='returnFlightLegs_ORDER')
2025-03-19T21:42:02.564-05:00 DEBUG 80480 --- [flight-booking] [           main] o.h.boot.model.internal.AnnotatedColumn  : Binding column: AnnotatedColumn()
2025-03-19T21:42:02.564-05:00 DEBUG 80480 --- [flight-booking] [           main] o.h.boot.model.internal.AnnotatedColumn  : Binding column: AnnotatedColumn(column='returnFlightLegs_KEY')
2025-03-19T21:42:02.564-05:00 DEBUG 80480 --- [flight-booking] [           main] o.h.boot.model.internal.AnnotatedColumn  : Binding column: AnnotatedJoinColumn(column='returnFlightLegs_KEY')
2025-03-19T21:42:02.565-05:00 DEBUG 80480 --- [flight-booking] [           main] o.h.boot.model.internal.AnnotatedColumn  : Binding column: AnnotatedJoinColumn()
2025-03-19T21:42:02.565-05:00 DEBUG 80480 --- [flight-booking] [           main] o.h.boot.model.internal.AnnotatedColumn  : Binding column: AnnotatedJoinColumn()
2025-03-19T21:42:02.565-05:00 DEBUG 80480 --- [flight-booking] [           main] o.h.b.model.internal.CollectionBinder    : Collection role: edu.miu.cs.cs425.backend.domain.entity.Booking.returnFlightLegs
2025-03-19T21:42:02.565-05:00 DEBUG 80480 --- [flight-booking] [           main] o.h.boot.model.internal.PropertyBinder   : Building property returnFlightLegs
2025-03-19T21:42:02.565-05:00 DEBUG 80480 --- [flight-booking] [           main] o.h.boot.model.internal.AnnotatedColumn  : Binding column: AnnotatedColumn()
2025-03-19T21:42:02.565-05:00 DEBUG 80480 --- [flight-booking] [           main] o.h.boot.model.internal.PropertyBinder   : MetadataSourceProcessor property selectedSeat with lazy=false
2025-03-19T21:42:02.565-05:00 DEBUG 80480 --- [flight-booking] [           main] o.h.b.m.internal.AbstractPropertyHolder  : Attempting to locate auto-apply AttributeConverter for property [edu.miu.cs.cs425.backend.domain.entity.Booking:selectedSeat]
2025-03-19T21:42:02.566-05:00 DEBUG 80480 --- [flight-booking] [           main] o.h.b.model.internal.BasicValueBinder    : building BasicValue for selectedSeat
2025-03-19T21:42:02.566-05:00 DEBUG 80480 --- [flight-booking] [           main] org.hibernate.mapping.BasicValue         : Skipping column re-registration: bookings.selected_seat
2025-03-19T21:42:02.566-05:00 DEBUG 80480 --- [flight-booking] [           main] o.h.boot.model.internal.PropertyBinder   : Building property selectedSeat
2025-03-19T21:42:02.566-05:00 DEBUG 80480 --- [flight-booking] [           main] o.h.boot.model.internal.AnnotatedColumn  : Binding column: AnnotatedColumn()
2025-03-19T21:42:02.567-05:00 DEBUG 80480 --- [flight-booking] [           main] o.h.boot.model.internal.PropertyBinder   : MetadataSourceProcessor property status with lazy=false
2025-03-19T21:42:02.567-05:00 DEBUG 80480 --- [flight-booking] [           main] o.h.b.m.internal.AbstractPropertyHolder  : Attempting to locate auto-apply AttributeConverter for property [edu.miu.cs.cs425.backend.domain.entity.Booking:status]
2025-03-19T21:42:02.567-05:00 DEBUG 80480 --- [flight-booking] [           main] o.h.b.model.internal.BasicValueBinder    : building BasicValue for status
2025-03-19T21:42:02.567-05:00 DEBUG 80480 --- [flight-booking] [           main] org.hibernate.mapping.BasicValue         : Skipping column re-registration: bookings.status
2025-03-19T21:42:02.567-05:00 DEBUG 80480 --- [flight-booking] [           main] o.h.boot.model.internal.PropertyBinder   : Building property status
2025-03-19T21:42:02.568-05:00 DEBUG 80480 --- [flight-booking] [           main] o.h.boot.model.internal.AnnotatedColumn  : Binding column: AnnotatedColumn()
2025-03-19T21:42:02.568-05:00 DEBUG 80480 --- [flight-booking] [           main] o.h.boot.model.internal.PropertyBinder   : MetadataSourceProcessor property totalPrice with lazy=false
2025-03-19T21:42:02.568-05:00 DEBUG 80480 --- [flight-booking] [           main] o.h.b.m.internal.AbstractPropertyHolder  : Attempting to locate auto-apply AttributeConverter for property [edu.miu.cs.cs425.backend.domain.entity.Booking:totalPrice]
2025-03-19T21:42:02.568-05:00 DEBUG 80480 --- [flight-booking] [           main] o.h.b.model.internal.BasicValueBinder    : building BasicValue for totalPrice
2025-03-19T21:42:02.568-05:00 DEBUG 80480 --- [flight-booking] [           main] org.hibernate.mapping.BasicValue         : Skipping column re-registration: bookings.total_price
2025-03-19T21:42:02.568-05:00 DEBUG 80480 --- [flight-booking] [           main] o.h.boot.model.internal.PropertyBinder   : Building property totalPrice
2025-03-19T21:42:02.569-05:00 DEBUG 80480 --- [flight-booking] [           main] o.h.boot.model.internal.AnnotatedColumn  : Binding column: AnnotatedColumn()
2025-03-19T21:42:02.569-05:00 DEBUG 80480 --- [flight-booking] [           main] o.h.boot.model.internal.PropertyBinder   : MetadataSourceProcessor property updatedAt with lazy=false
2025-03-19T21:42:02.569-05:00 DEBUG 80480 --- [flight-booking] [           main] o.h.b.m.internal.AbstractPropertyHolder  : Attempting to locate auto-apply AttributeConverter for property [edu.miu.cs.cs425.backend.domain.entity.Booking:updatedAt]
2025-03-19T21:42:02.569-05:00 DEBUG 80480 --- [flight-booking] [           main] o.h.b.model.internal.BasicValueBinder    : building BasicValue for updatedAt
2025-03-19T21:42:02.569-05:00 DEBUG 80480 --- [flight-booking] [           main] org.hibernate.mapping.BasicValue         : Skipping column re-registration: bookings.updated_at
2025-03-19T21:42:02.569-05:00 DEBUG 80480 --- [flight-booking] [           main] o.h.boot.model.internal.PropertyBinder   : Building property updatedAt
2025-03-19T21:42:02.570-05:00 DEBUG 80480 --- [flight-booking] [           main] o.h.boot.model.internal.AnnotatedColumn  : Binding column: AnnotatedColumn()
2025-03-19T21:42:02.580-05:00 DEBUG 80480 --- [flight-booking] [           main] o.h.boot.model.internal.AnnotatedColumn  : Binding column: AnnotatedColumn()
2025-03-19T21:42:02.580-05:00 DEBUG 80480 --- [flight-booking] [           main] o.h.boot.model.internal.PropertyBinder   : MetadataSourceProcessor property address with lazy=false
2025-03-19T21:42:02.581-05:00 DEBUG 80480 --- [flight-booking] [           main] o.h.b.m.internal.AbstractPropertyHolder  : Attempting to locate auto-apply AttributeConverter for property [edu.miu.cs.cs425.backend.domain.entity.Booking.userDetails:address]
2025-03-19T21:42:02.581-05:00 DEBUG 80480 --- [flight-booking] [           main] o.h.b.model.internal.BasicValueBinder    : building BasicValue for address
2025-03-19T21:42:02.581-05:00 DEBUG 80480 --- [flight-booking] [           main] org.hibernate.mapping.BasicValue         : Skipping column re-registration: bookings.address
2025-03-19T21:42:02.581-05:00 DEBUG 80480 --- [flight-booking] [           main] o.h.boot.model.internal.PropertyBinder   : Building property address
2025-03-19T21:42:02.582-05:00 DEBUG 80480 --- [flight-booking] [           main] o.h.boot.model.internal.AnnotatedColumn  : Binding column: AnnotatedColumn()
2025-03-19T21:42:02.582-05:00 DEBUG 80480 --- [flight-booking] [           main] o.h.boot.model.internal.PropertyBinder   : MetadataSourceProcessor property email with lazy=false
2025-03-19T21:42:02.582-05:00 DEBUG 80480 --- [flight-booking] [           main] o.h.b.m.internal.AbstractPropertyHolder  : Attempting to locate auto-apply AttributeConverter for property [edu.miu.cs.cs425.backend.domain.entity.Booking.userDetails:email]
2025-03-19T21:42:02.582-05:00 DEBUG 80480 --- [flight-booking] [           main] o.h.b.model.internal.BasicValueBinder    : building BasicValue for email
2025-03-19T21:42:02.582-05:00 DEBUG 80480 --- [flight-booking] [           main] org.hibernate.mapping.BasicValue         : Skipping column re-registration: bookings.email
2025-03-19T21:42:02.582-05:00 DEBUG 80480 --- [flight-booking] [           main] o.h.boot.model.internal.PropertyBinder   : Building property email
2025-03-19T21:42:02.583-05:00 DEBUG 80480 --- [flight-booking] [           main] o.h.boot.model.internal.AnnotatedColumn  : Binding column: AnnotatedColumn()
2025-03-19T21:42:02.583-05:00 DEBUG 80480 --- [flight-booking] [           main] o.h.boot.model.internal.PropertyBinder   : MetadataSourceProcessor property firstName with lazy=false
2025-03-19T21:42:02.583-05:00 DEBUG 80480 --- [flight-booking] [           main] o.h.b.m.internal.AbstractPropertyHolder  : Attempting to locate auto-apply AttributeConverter for property [edu.miu.cs.cs425.backend.domain.entity.Booking.userDetails:firstName]
2025-03-19T21:42:02.584-05:00 DEBUG 80480 --- [flight-booking] [           main] o.h.b.model.internal.BasicValueBinder    : building BasicValue for firstName
2025-03-19T21:42:02.584-05:00 DEBUG 80480 --- [flight-booking] [           main] org.hibernate.mapping.BasicValue         : Skipping column re-registration: bookings.first_name
2025-03-19T21:42:02.584-05:00 DEBUG 80480 --- [flight-booking] [           main] o.h.boot.model.internal.PropertyBinder   : Building property firstName
2025-03-19T21:42:02.584-05:00 DEBUG 80480 --- [flight-booking] [           main] o.h.boot.model.internal.AnnotatedColumn  : Binding column: AnnotatedColumn()
2025-03-19T21:42:02.584-05:00 DEBUG 80480 --- [flight-booking] [           main] o.h.boot.model.internal.PropertyBinder   : MetadataSourceProcessor property lastName with lazy=false
2025-03-19T21:42:02.584-05:00 DEBUG 80480 --- [flight-booking] [           main] o.h.b.m.internal.AbstractPropertyHolder  : Attempting to locate auto-apply AttributeConverter for property [edu.miu.cs.cs425.backend.domain.entity.Booking.userDetails:lastName]
2025-03-19T21:42:02.585-05:00 DEBUG 80480 --- [flight-booking] [           main] o.h.b.model.internal.BasicValueBinder    : building BasicValue for lastName
2025-03-19T21:42:02.585-05:00 DEBUG 80480 --- [flight-booking] [           main] org.hibernate.mapping.BasicValue         : Skipping column re-registration: bookings.last_name
2025-03-19T21:42:02.585-05:00 DEBUG 80480 --- [flight-booking] [           main] o.h.boot.model.internal.PropertyBinder   : Building property lastName
2025-03-19T21:42:02.586-05:00 DEBUG 80480 --- [flight-booking] [           main] o.h.boot.model.internal.AnnotatedColumn  : Binding column: AnnotatedColumn()
2025-03-19T21:42:02.586-05:00 DEBUG 80480 --- [flight-booking] [           main] o.h.boot.model.internal.PropertyBinder   : MetadataSourceProcessor property passportNumber with lazy=false
2025-03-19T21:42:02.586-05:00 DEBUG 80480 --- [flight-booking] [           main] o.h.b.m.internal.AbstractPropertyHolder  : Attempting to locate auto-apply AttributeConverter for property [edu.miu.cs.cs425.backend.domain.entity.Booking.userDetails:passportNumber]
2025-03-19T21:42:02.586-05:00 DEBUG 80480 --- [flight-booking] [           main] o.h.b.model.internal.BasicValueBinder    : building BasicValue for passportNumber
2025-03-19T21:42:02.586-05:00 DEBUG 80480 --- [flight-booking] [           main] org.hibernate.mapping.BasicValue         : Skipping column re-registration: bookings.passport_number
2025-03-19T21:42:02.586-05:00 DEBUG 80480 --- [flight-booking] [           main] o.h.boot.model.internal.PropertyBinder   : Building property passportNumber
2025-03-19T21:42:02.587-05:00 DEBUG 80480 --- [flight-booking] [           main] o.h.boot.model.internal.AnnotatedColumn  : Binding column: AnnotatedColumn()
2025-03-19T21:42:02.587-05:00 DEBUG 80480 --- [flight-booking] [           main] o.h.boot.model.internal.PropertyBinder   : MetadataSourceProcessor property phone with lazy=false
2025-03-19T21:42:02.587-05:00 DEBUG 80480 --- [flight-booking] [           main] o.h.b.m.internal.AbstractPropertyHolder  : Attempting to locate auto-apply AttributeConverter for property [edu.miu.cs.cs425.backend.domain.entity.Booking.userDetails:phone]
2025-03-19T21:42:02.587-05:00 DEBUG 80480 --- [flight-booking] [           main] o.h.b.model.internal.BasicValueBinder    : building BasicValue for phone
2025-03-19T21:42:02.587-05:00 DEBUG 80480 --- [flight-booking] [           main] org.hibernate.mapping.BasicValue         : Skipping column re-registration: bookings.phone
2025-03-19T21:42:02.587-05:00 DEBUG 80480 --- [flight-booking] [           main] o.h.boot.model.internal.PropertyBinder   : Building property phone
[...]
2025-03-19T21:42:09.156-05:00 DEBUG 80480 --- [flight-booking] [           main] org.hibernate.SQL                        : 
    select
        f1_0.id,
        a1_0.code,
        a1_0.logo_url,
        a1_0.name,
        f1_0.arrival,
        f1_0.departure,
        d1_0.iata_code,
        d1_0.city,
        d1_0.country,
        d1_0.name,
        f1_0.duration,
        f1_0.flight_number,
        o1_0.iata_code,
        o1_0.city,
        o1_0.country,
        o1_0.name,
        f1_0.price,
        f1_0.seats_available 
    from
        flight f1_0 
    left join
        airline a1_0 
            on a1_0.code=f1_0.airline_code 
    left join
        airport d1_0 
            on d1_0.iata_code=f1_0.destination_iata_code 
    left join
        airport o1_0 
            on o1_0.iata_code=f1_0.origin_iata_code 
    where
        f1_0.id=?
Hibernate: 
    select
        f1_0.id,
        a1_0.code,
        a1_0.logo_url,
        a1_0.name,
        f1_0.arrival,
        f1_0.departure,
        d1_0.iata_code,
        d1_0.city,
        d1_0.country,
        d1_0.name,
        f1_0.duration,
        f1_0.flight_number,
        o1_0.iata_code,
        o1_0.city,
        o1_0.country,
        o1_0.name,
        f1_0.price,
        f1_0.seats_available 
    from
        flight f1_0 
    left join
        airline a1_0 
            on a1_0.code=f1_0.airline_code 
    left join
        airport d1_0 
            on d1_0.iata_code=f1_0.destination_iata_code 
    left join
        airport o1_0 
            on o1_0.iata_code=f1_0.origin_iata_code 
    where
        f1_0.id=?
2025-03-19T21:42:09.158-05:00 DEBUG 80480 --- [flight-booking] [           main] o.h.j.internal.PersistenceUnitUtilImpl   : jakarta.persistence.PersistenceUnitUtil.getIdentifier is only intended to work with enhanced entities (although Hibernate also adapts this support to its proxies); however the passed entity was not enhanced (nor a proxy).. may not be able to read identifier
2025-03-19T21:42:09.158-05:00 DEBUG 80480 --- [flight-booking] [           main] org.hibernate.orm.sql.exec               : Skipping reading Query result cache data: cache-enabled = false, cache-mode = IGNORE
2025-03-19T21:42:09.158-05:00 DEBUG 80480 --- [flight-booking] [           main] org.hibernate.SQL                        : 
    select
        f1_0.id,
        a1_0.code,
        a1_0.logo_url,
        a1_0.name,
        f1_0.arrival,
        f1_0.departure,
        d1_0.iata_code,
        d1_0.city,
        d1_0.country,
        d1_0.name,
        f1_0.duration,
        f1_0.flight_number,
        o1_0.iata_code,
        o1_0.city,
        o1_0.country,
        o1_0.name,
        f1_0.price,
        f1_0.seats_available 
    from
        flight f1_0 
    left join
        airline a1_0 
            on a1_0.code=f1_0.airline_code 
    left join
        airport d1_0 
            on d1_0.iata_code=f1_0.destination_iata_code 
    left join
        airport o1_0 
            on o1_0.iata_code=f1_0.origin_iata_code 
    where
        f1_0.id=?
Hibernate: 
    select
        f1_0.id,
        a1_0.code,
        a1_0.logo_url,
        a1_0.name,
        f1_0.arrival,
        f1_0.departure,
        d1_0.iata_code,
        d1_0.city,
        d1_0.country,
        d1_0.name,
        f1_0.duration,
        f1_0.flight_number,
        o1_0.iata_code,
        o1_0.city,
        o1_0.country,
        o1_0.name,
        f1_0.price,
        f1_0.seats_available 
    from
        flight f1_0 
    left join
        airline a1_0 
            on a1_0.code=f1_0.airline_code 
    left join
        airport d1_0 
            on d1_0.iata_code=f1_0.destination_iata_code 
    left join
        airport o1_0 
            on o1_0.iata_code=f1_0.origin_iata_code 
    where
        f1_0.id=?
2025-03-19T21:42:09.160-05:00 DEBUG 80480 --- [flight-booking] [           main] o.h.j.internal.PersistenceUnitUtilImpl   : jakarta.persistence.PersistenceUnitUtil.getIdentifier is only intended to work with enhanced entities (although Hibernate also adapts this support to its proxies); however the passed entity was not enhanced (nor a proxy).. may not be able to read identifier
2025-03-19T21:42:09.160-05:00 DEBUG 80480 --- [flight-booking] [           main] org.hibernate.orm.sql.exec               : Skipping reading Query result cache data: cache-enabled = false, cache-mode = IGNORE
2025-03-19T21:42:09.160-05:00 DEBUG 80480 --- [flight-booking] [           main] org.hibernate.SQL                        : 
    select
        f1_0.id,
        a1_0.code,
        a1_0.logo_url,
        a1_0.name,
        f1_0.arrival,
        f1_0.departure,
        d1_0.iata_code,
        d1_0.city,
        d1_0.country,
        d1_0.name,
        f1_0.duration,
        f1_0.flight_number,
        o1_0.iata_code,
        o1_0.city,
        o1_0.country,
        o1_0.name,
        f1_0.price,
        f1_0.seats_available 
    from
        flight f1_0 
    left join
        airline a1_0 
            on a1_0.code=f1_0.airline_code 
    left join
        airport d1_0 
            on d1_0.iata_code=f1_0.destination_iata_code 
    left join
        airport o1_0 
            on o1_0.iata_code=f1_0.origin_iata_code 
    where
        f1_0.id=?
Hibernate: 
    select
        f1_0.id,
        a1_0.code,
        a1_0.logo_url,
        a1_0.name,
        f1_0.arrival,
        f1_0.departure,
        d1_0.iata_code,
        d1_0.city,
        d1_0.country,
        d1_0.name,
        f1_0.duration,
        f1_0.flight_number,
        o1_0.iata_code,
        o1_0.city,
        o1_0.country,
        o1_0.name,
        f1_0.price,
        f1_0.seats_available 
    from
        flight f1_0 
    left join
        airline a1_0 
            on a1_0.code=f1_0.airline_code 
    left join
        airport d1_0 
            on d1_0.iata_code=f1_0.destination_iata_code 
    left join
        airport o1_0 
            on o1_0.iata_code=f1_0.origin_iata_code 
    where
        f1_0.id=?
2025-03-19T21:42:09.162-05:00 DEBUG 80480 --- [flight-booking] [           main] org.hibernate.orm.sql.exec               : Skipping reading Query result cache data: cache-enabled = false, cache-mode = IGNORE
2025-03-19T21:42:09.162-05:00 DEBUG 80480 --- [flight-booking] [           main] org.hibernate.SQL                        : 
    select
        a1_0.code,
        a1_0.logo_url,
        a1_0.name 
    from
        airline a1_0 
    where
        a1_0.code=?
Hibernate: 
    select
        a1_0.code,
        a1_0.logo_url,
        a1_0.name 
    from
        airline a1_0 
    where
        a1_0.code=?
2025-03-19T21:42:09.163-05:00 DEBUG 80480 --- [flight-booking] [           main] org.hibernate.orm.sql.exec               : Skipping reading Query result cache data: cache-enabled = false, cache-mode = IGNORE
2025-03-19T21:42:09.163-05:00 DEBUG 80480 --- [flight-booking] [           main] org.hibernate.SQL                        : 
    select
        a1_0.iata_code,
        a1_0.city,
        a1_0.country,
        a1_0.name 
    from
        airport a1_0 
    where
        a1_0.iata_code=?
Hibernate: 
    select
        a1_0.iata_code,
        a1_0.city,
        a1_0.country,
        a1_0.name 
    from
        airport a1_0 
    where
        a1_0.iata_code=?
2025-03-19T21:42:09.164-05:00 DEBUG 80480 --- [flight-booking] [           main] o.h.j.internal.PersistenceUnitUtilImpl   : jakarta.persistence.PersistenceUnitUtil.getIdentifier is only intended to work with enhanced entities (although Hibernate also adapts this support to its proxies); however the passed entity was not enhanced (nor a proxy).. may not be able to read identifier
2025-03-19T21:42:09.164-05:00 DEBUG 80480 --- [flight-booking] [           main] org.hibernate.orm.sql.exec               : Skipping reading Query result cache data: cache-enabled = false, cache-mode = IGNORE
2025-03-19T21:42:09.164-05:00 DEBUG 80480 --- [flight-booking] [           main] org.hibernate.SQL                        : 
    select
        f1_0.id,
        a1_0.code,
        a1_0.logo_url,
        a1_0.name,
        f1_0.arrival,
        f1_0.departure,
        d1_0.iata_code,
        d1_0.city,
        d1_0.country,
        d1_0.name,
        f1_0.duration,
        f1_0.flight_number,
        o1_0.iata_code,
        o1_0.city,
        o1_0.country,
        o1_0.name,
        f1_0.price,
        f1_0.seats_available 
    from
        flight f1_0 
    left join
        airline a1_0 
            on a1_0.code=f1_0.airline_code 
    left join
        airport d1_0 
            on d1_0.iata_code=f1_0.destination_iata_code 
    left join
        airport o1_0 
            on o1_0.iata_code=f1_0.origin_iata_code 
    where
        f1_0.id=?
Hibernate: 
    select
        f1_0.id,
        a1_0.code,
        a1_0.logo_url,
        a1_0.name,
        f1_0.arrival,
        f1_0.departure,
        d1_0.iata_code,
        d1_0.city,
        d1_0.country,
        d1_0.name,
        f1_0.duration,
        f1_0.flight_number,
        o1_0.iata_code,
        o1_0.city,
        o1_0.country,
        o1_0.name,
        f1_0.price,
        f1_0.seats_available 
    from
        flight f1_0 
    left join
        airline a1_0 
            on a1_0.code=f1_0.airline_code 
    left join
        airport d1_0 
            on d1_0.iata_code=f1_0.destination_iata_code 
    left join
        airport o1_0 
            on o1_0.iata_code=f1_0.origin_iata_code 
    where
        f1_0.id=?
2025-03-19T21:42:09.166-05:00 DEBUG 80480 --- [flight-booking] [           main] o.h.e.t.internal.TransactionImpl         : committing
2025-03-19T21:42:09.166-05:00 DEBUG 80480 --- [flight-booking] [           main] o.h.e.i.AbstractFlushingEventListener    : Processing flush-time cascades
2025-03-19T21:42:09.166-05:00 DEBUG 80480 --- [flight-booking] [           main] o.h.e.i.AbstractFlushingEventListener    : Dirty checking collections
2025-03-19T21:42:09.167-05:00 DEBUG 80480 --- [flight-booking] [           main] o.h.e.i.AbstractFlushingEventListener    : Flushed: 6 insertions, 0 updates, 0 deletions to 13 objects
2025-03-19T21:42:09.167-05:00 DEBUG 80480 --- [flight-booking] [           main] o.h.e.i.AbstractFlushingEventListener    : Flushed: 0 (re)creations, 0 updates, 0 removals to 0 collections
2025-03-19T21:42:09.167-05:00 DEBUG 80480 --- [flight-booking] [           main] o.hibernate.internal.util.EntityPrinter  : Listing entities:
2025-03-19T21:42:09.167-05:00 DEBUG 80480 --- [flight-booking] [           main] o.hibernate.internal.util.EntityPrinter  : edu.miu.cs.cs425.backend.domain.entity.Flight{duration=90, arrival=2025-03-12T10:30, price=175.0, origin=edu.miu.cs.cs425.backend.domain.entity.Airport#JFK, destination=edu.miu.cs.cs425.backend.domain.entity.Airport#YYZ, id=317c6f3c-3789-48b5-8d78-017b45e07dcc, departure=2025-03-12T09:00, airline=edu.miu.cs.cs425.backend.domain.entity.Airline#AIR003, seatsAvailable=50, flightNumber=FLECDD58}
2025-03-19T21:42:09.167-05:00 DEBUG 80480 --- [flight-booking] [           main] o.hibernate.internal.util.EntityPrinter  : edu.miu.cs.cs425.backend.domain.entity.Airport{country=USA, iataCode=JFK, city=New York, name=John F. Kennedy International Airport}
2025-03-19T21:42:09.167-05:00 DEBUG 80480 --- [flight-booking] [           main] o.hibernate.internal.util.EntityPrinter  : edu.miu.cs.cs425.backend.domain.entity.Airport{country=UK, iataCode=LHR, city=London, name=London Heathrow Airport}
2025-03-19T21:42:09.167-05:00 DEBUG 80480 --- [flight-booking] [           main] o.hibernate.internal.util.EntityPrinter  : edu.miu.cs.cs425.backend.domain.entity.Flight{duration=90, arrival=2025-03-12T11:30, price=175.0, origin=edu.miu.cs.cs425.backend.domain.entity.Airport#JFK, destination=edu.miu.cs.cs425.backend.domain.entity.Airport#YYZ, id=7b97822c-3cb8-4743-be27-d52755c39378, departure=2025-03-12T10:00, airline=edu.miu.cs.cs425.backend.domain.entity.Airline#AIR003, seatsAvailable=50, flightNumber=FL8B71EC}
2025-03-19T21:42:09.167-05:00 DEBUG 80480 --- [flight-booking] [           main] o.hibernate.internal.util.EntityPrinter  : edu.miu.cs.cs425.backend.domain.entity.Airline{code=AIR003, name=Air Canada, logoUrl=null}
2025-03-19T21:42:09.167-05:00 DEBUG 80480 --- [flight-booking] [           main] o.hibernate.internal.util.EntityPrinter  : edu.miu.cs.cs425.backend.domain.entity.Airport{country=Canada, iataCode=YYZ, city=Toronto, name=Toronto Pearson International Airport}
2025-03-19T21:42:09.167-05:00 DEBUG 80480 --- [flight-booking] [           main] o.hibernate.internal.util.EntityPrinter  : edu.miu.cs.cs425.backend.domain.entity.Airline{code=AIR002, name=British Airways, logoUrl=null}
2025-03-19T21:42:09.167-05:00 DEBUG 80480 --- [flight-booking] [           main] o.hibernate.internal.util.EntityPrinter  : edu.miu.cs.cs425.backend.domain.entity.Flight{duration=420, arrival=2025-03-12T18:30, price=450.0, origin=edu.miu.cs.cs425.backend.domain.entity.Airport#YYZ, destination=edu.miu.cs.cs425.backend.domain.entity.Airport#LHR, id=d0085b62-ea51-40cb-a5b4-155ad2288f83, departure=2025-03-12T11:30, airline=edu.miu.cs.cs425.backend.domain.entity.Airline#AIR002, seatsAvailable=50, flightNumber=FL5EE99A}
2025-03-19T21:42:09.167-05:00 DEBUG 80480 --- [flight-booking] [           main] o.hibernate.internal.util.EntityPrinter  : edu.miu.cs.cs425.backend.domain.entity.Airline{code=AIR004, name=Air France, logoUrl=null}
2025-03-19T21:42:09.167-05:00 DEBUG 80480 --- [flight-booking] [           main] o.hibernate.internal.util.EntityPrinter  : edu.miu.cs.cs425.backend.domain.entity.Flight{duration=60, arrival=2025-03-12T20:30, price=150.0, origin=edu.miu.cs.cs425.backend.domain.entity.Airport#CDG, destination=edu.miu.cs.cs425.backend.domain.entity.Airport#LHR, id=3c673a01-f2e8-4946-8a11-c3e941509540, departure=2025-03-12T19:30, airline=edu.miu.cs.cs425.backend.domain.entity.Airline#AIR002, seatsAvailable=50, flightNumber=FL6C0E1C}
2025-03-19T21:42:09.167-05:00 DEBUG 80480 --- [flight-booking] [           main] o.hibernate.internal.util.EntityPrinter  : edu.miu.cs.cs425.backend.domain.entity.Flight{duration=420, arrival=2025-03-12T15:00, price=450.0, origin=edu.miu.cs.cs425.backend.domain.entity.Airport#JFK, destination=edu.miu.cs.cs425.backend.domain.entity.Airport#LHR, id=3643b7f5-abd6-45dc-b275-15ca1bea0dae, departure=2025-03-12T08:00, airline=edu.miu.cs.cs425.backend.domain.entity.Airline#AIR002, seatsAvailable=50, flightNumber=FL8E6A8A}
2025-03-19T21:42:09.167-05:00 DEBUG 80480 --- [flight-booking] [           main] o.hibernate.internal.util.EntityPrinter  : edu.miu.cs.cs425.backend.domain.entity.Airport{country=France, iataCode=CDG, city=Paris, name=Charles de Gaulle Airport}
2025-03-19T21:42:09.167-05:00 DEBUG 80480 --- [flight-booking] [           main] o.hibernate.internal.util.EntityPrinter  : edu.miu.cs.cs425.backend.domain.entity.Flight{duration=360, arrival=2025-03-12T18:30, price=400.0, origin=edu.miu.cs.cs425.backend.domain.entity.Airport#YYZ, destination=edu.miu.cs.cs425.backend.domain.entity.Airport#CDG, id=52c19116-16d6-446b-a2dc-71dd2cafe24b, departure=2025-03-12T12:30, airline=edu.miu.cs.cs425.backend.domain.entity.Airline#AIR004, seatsAvailable=50, flightNumber=FL6B9FE5}
2025-03-19T21:42:09.168-05:00 DEBUG 80480 --- [flight-booking] [           main] org.hibernate.SQL                        : 
    insert 
    into
        flight
        (airline_code, arrival, departure, destination_iata_code, duration, flight_number, origin_iata_code, price, seats_available, id) 
    values
        (?, ?, ?, ?, ?, ?, ?, ?, ?, ?)
Hibernate: 
    insert 
    into
        flight
        (airline_code, arrival, departure, destination_iata_code, duration, flight_number, origin_iata_code, price, seats_available, id) 
    values
        (?, ?, ?, ?, ?, ?, ?, ?, ?, ?)
2025-03-19T21:42:09.169-05:00 DEBUG 80480 --- [flight-booking] [           main] org.hibernate.SQL                        : 
    insert 
    into
        flight
        (airline_code, arrival, departure, destination_iata_code, duration, flight_number, origin_iata_code, price, seats_available, id) 
    values
        (?, ?, ?, ?, ?, ?, ?, ?, ?, ?)
Hibernate: 
    insert 
    into
        flight
        (airline_code, arrival, departure, destination_iata_code, duration, flight_number, origin_iata_code, price, seats_available, id) 
    values
        (?, ?, ?, ?, ?, ?, ?, ?, ?, ?)
2025-03-19T21:42:09.210-05:00 DEBUG 80480 --- [flight-booking] [           main] org.hibernate.SQL                        : 
    insert 
    into
        flight
        (airline_code, arrival, departure, destination_iata_code, duration, flight_number, origin_iata_code, price, seats_available, id) 
    values
        (?, ?, ?, ?, ?, ?, ?, ?, ?, ?)
Hibernate: 
    insert 
    into
        flight
        (airline_code, arrival, departure, destination_iata_code, duration, flight_number, origin_iata_code, price, seats_available, id) 
    values
        (?, ?, ?, ?, ?, ?, ?, ?, ?, ?)
2025-03-19T21:42:09.212-05:00 DEBUG 80480 --- [flight-booking] [           main] org.hibernate.SQL                        : 
    insert 
    into
        flight
        (airline_code, arrival, departure, destination_iata_code, duration, flight_number, origin_iata_code, price, seats_available, id) 
    values
        (?, ?, ?, ?, ?, ?, ?, ?, ?, ?)
Hibernate: 
    insert 
    into
        flight
        (airline_code, arrival, departure, destination_iata_code, duration, flight_number, origin_iata_code, price, seats_available, id) 
    values
        (?, ?, ?, ?, ?, ?, ?, ?, ?, ?)
2025-03-19T21:42:09.214-05:00 DEBUG 80480 --- [flight-booking] [           main] org.hibernate.SQL                        : 
    insert 
    into
        flight
        (airline_code, arrival, departure, destination_iata_code, duration, flight_number, origin_iata_code, price, seats_available, id) 
    values
        (?, ?, ?, ?, ?, ?, ?, ?, ?, ?)
Hibernate: 
    insert 
    into
        flight
        (airline_code, arrival, departure, destination_iata_code, duration, flight_number, origin_iata_code, price, seats_available, id) 
    values
        (?, ?, ?, ?, ?, ?, ?, ?, ?, ?)
2025-03-19T21:42:09.215-05:00 DEBUG 80480 --- [flight-booking] [           main] org.hibernate.SQL                        : 
    insert 
    into
        flight
        (airline_code, arrival, departure, destination_iata_code, duration, flight_number, origin_iata_code, price, seats_available, id) 
    values
        (?, ?, ?, ?, ?, ?, ?, ?, ?, ?)
Hibernate: 
    insert 
    into
        flight
        (airline_code, arrival, departure, destination_iata_code, duration, flight_number, origin_iata_code, price, seats_available, id) 
    values
        (?, ?, ?, ?, ?, ?, ?, ?, ?, ?)
Data initialized successfully!
Airlines: 4
Airports: 4
Users: 2
Roles: 2
Flights: 6

JFK to LHR Explicit Entries (March 12, 2025):
Direct (No Legs):
  JFK → LHR @ 2025-03-12T08:00 - 2025-03-12T15:00
2-Leg (JFK → YYZ → LHR):
  JFK → YYZ @ 2025-03-12T09:00 - 2025-03-12T10:30
  YYZ → LHR @ 2025-03-12T11:30 - 2025-03-12T18:30
3-Leg (JFK → YYZ → CDG → LHR):
  JFK → YYZ @ 2025-03-12T10:00 - 2025-03-12T11:30
  YYZ → CDG @ 2025-03-12T12:30 - 2025-03-12T18:30
  CDG → LHR @ 2025-03-12T19:30 - 2025-03-12T20:30
]]></system-out>
    <system-err><![CDATA[Mockito is currently self-attaching to enable the inline-mock-maker. This will no longer work in future releases of the JDK. Please add Mockito as an agent to your build what is described in Mockito's documentation: https://javadoc.io/doc/org.mockito/mockito-core/latest/org/mockito/Mockito.html#0.3
WARNING: A Java agent has been loaded dynamically (/Users/mercelvubangsi/.m2/repository/net/bytebuddy/byte-buddy-agent/1.15.11/byte-buddy-agent-1.15.11.jar)
WARNING: If a serviceability tool is in use, please run with -XX:+EnableDynamicAgentLoading to hide this warning
WARNING: If a serviceability tool is not in use, please run with -Djdk.instrument.traceUsage for more information
WARNING: Dynamic loading of agents will be disallowed by default in a future release
]]></system-err>
  </testcase>
</testsuite>